{"/data/data/com.termux.nix/files/home/projects/zui/src/lib/decorators.ts": {"path":"/data/data/com.termux.nix/files/home/projects/zui/src/lib/decorators.ts","statementMap":{"0":{"start":{"line":1,"column":39},"end":{"line":1,"column":83}},"1":{"start":{"line":1,"column":68},"end":{"line":1,"column":83}},"2":{"start":{"line":1,"column":83},"end":{"line":1,"column":140}},"3":{"start":{"line":1,"column":93},"end":{"line":1,"column":94}},"4":{"start":{"line":1,"column":100},"end":{"line":1,"column":114}},"5":{"start":{"line":1,"column":125},"end":{"line":1,"column":140}},"6":{"start":{"line":1,"column":140},"end":{"line":1,"column":151}},"7":{"start":{"line":1,"column":187},"end":{"line":1,"column":241}},"8":{"start":{"line":1,"column":209},"end":{"line":1,"column":241}},"9":{"start":{"line":1,"column":282},"end":{"line":1,"column":386}},"10":{"start":{"line":1,"column":300},"end":{"line":1,"column":385}},"11":{"start":{"line":1,"column":386},"end":{"line":1,"column":397}},"12":{"start":{"line":1,"column":439},"end":{"line":1,"column":474}},"13":{"start":{"line":1,"column":474},"end":{"line":1,"column":646}},"14":{"start":{"line":1,"column":696},"end":{"line":1,"column":792}},"15":{"start":{"line":1,"column":735},"end":{"line":1,"column":791}},"16":{"start":{"line":1,"column":834},"end":{"line":1,"column":1075}},"17":{"start":{"line":1,"column":844},"end":{"line":1,"column":845}},"18":{"start":{"line":1,"column":881},"end":{"line":1,"column":889}},"19":{"start":{"line":1,"column":890},"end":{"line":1,"column":941}},"20":{"start":{"line":1,"column":941},"end":{"line":1,"column":970}},"21":{"start":{"line":1,"column":970},"end":{"line":1,"column":1019}},"22":{"start":{"line":1,"column":994},"end":{"line":1,"column":1019}},"23":{"start":{"line":1,"column":1019},"end":{"line":1,"column":1074}},"24":{"start":{"line":1,"column":1135},"end":{"line":1,"column":1201}},"25":{"start":{"line":1,"column":1149},"end":{"line":1,"column":1201}},"26":{"start":{"line":1,"column":1201},"end":{"line":1,"column":1259}},"27":{"start":{"line":1,"column":1216},"end":{"line":1,"column":1259}},"28":{"start":{"line":1,"column":1259},"end":{"line":1,"column":1277}},"29":{"start":{"line":1,"column":1319},"end":{"line":1,"column":1447}},"30":{"start":{"line":1,"column":1334},"end":{"line":1,"column":1426}},"31":{"start":{"line":1,"column":1432},"end":{"line":1,"column":1446}},"32":{"start":{"line":1,"column":1447},"end":{"line":1,"column":1457}},"33":{"start":{"line":1,"column":1488},"end":{"line":1,"column":1623}},"34":{"start":{"line":1,"column":1577},"end":{"line":1,"column":1621}},"35":{"start":{"line":1,"column":1623},"end":{"line":1,"column":1650}},"36":{"start":{"line":1,"column":1691},"end":{"line":1,"column":1819}},"37":{"start":{"line":1,"column":1745},"end":{"line":1,"column":1818}},"38":{"start":{"line":1,"column":1819},"end":{"line":1,"column":1949}},"39":{"start":{"line":1,"column":1949},"end":{"line":1,"column":2001}},"40":{"start":{"line":1,"column":1963},"end":{"line":1,"column":2001}},"41":{"start":{"line":1,"column":2035},"end":{"line":1,"column":2181}},"42":{"start":{"line":1,"column":2107},"end":{"line":1,"column":2146}},"43":{"start":{"line":1,"column":2152},"end":{"line":1,"column":2180}},"44":{"start":{"line":1,"column":2216},"end":{"line":1,"column":2325}},"45":{"start":{"line":1,"column":2302},"end":{"line":1,"column":2325}},"46":{"start":{"line":1,"column":2358},"end":{"line":1,"column":2514}},"47":{"start":{"line":1,"column":2564},"end":{"line":1,"column":2640}},"48":{"start":{"line":1,"column":2628},"end":{"line":1,"column":2639}},"49":{"start":{"line":1,"column":2640},"end":{"line":1,"column":2677}},"50":{"start":{"line":1,"column":2710},"end":{"line":1,"column":2804}},"51":{"start":{"line":1,"column":2780},"end":{"line":1,"column":2794}},"52":{"start":{"line":1,"column":2794},"end":{"line":1,"column":2802}},"53":{"start":{"line":1,"column":2804},"end":{"line":1,"column":2833}},"54":{"start":{"line":1,"column":2869},"end":{"line":1,"column":2987}},"55":{"start":{"line":1,"column":3011},"end":{"line":1,"column":3035}},"56":{"start":{"line":1,"column":3035},"end":{"line":1,"column":3120}},"57":{"start":{"line":1,"column":3171},"end":{"line":1,"column":3184}},"58":{"start":{"line":1,"column":3177},"end":{"line":1,"column":3184}},"59":{"start":{"line":1,"column":3184},"end":{"line":1,"column":3245}},"60":{"start":{"line":1,"column":3207},"end":{"line":1,"column":3245}},"61":{"start":{"line":1,"column":3251},"end":{"line":1,"column":3296}},"62":{"start":{"line":1,"column":3297},"end":{"line":1,"column":3349}},"63":{"start":{"line":1,"column":3328},"end":{"line":1,"column":3349}},"64":{"start":{"line":1,"column":3349},"end":{"line":1,"column":3394}},"65":{"start":{"line":1,"column":3373},"end":{"line":1,"column":3394}},"66":{"start":{"line":1,"column":3394},"end":{"line":1,"column":3502}},"67":{"start":{"line":1,"column":3465},"end":{"line":1,"column":3502}},"68":{"start":{"line":1,"column":3543},"end":{"line":1,"column":3644}},"69":{"start":{"line":1,"column":3558},"end":{"line":1,"column":3633}},"70":{"start":{"line":1,"column":3644},"end":{"line":1,"column":3709}},"71":{"start":{"line":1,"column":3691},"end":{"line":1,"column":3705}},"72":{"start":{"line":1,"column":3886},"end":{"line":1,"column":3914}},"73":{"start":{"line":1,"column":3927},"end":{"line":1,"column":4441}},"74":{"start":{"line":1,"column":3973},"end":{"line":1,"column":4440}},"75":{"start":{"line":1,"column":3999},"end":{"line":1,"column":4021}},"76":{"start":{"line":1,"column":4022},"end":{"line":1,"column":4439}},"77":{"start":{"line":1,"column":4045},"end":{"line":1,"column":4438}},"78":{"start":{"line":1,"column":4075},"end":{"line":1,"column":4110}},"79":{"start":{"line":1,"column":4116},"end":{"line":1,"column":4438}},"80":{"start":{"line":1,"column":4146},"end":{"line":1,"column":4183}},"81":{"start":{"line":1,"column":4189},"end":{"line":1,"column":4438}},"82":{"start":{"line":1,"column":4220},"end":{"line":1,"column":4437}},"83":{"start":{"line":1,"column":4459},"end":{"line":1,"column":4836}},"84":{"start":{"line":1,"column":4492},"end":{"line":1,"column":4502}},"85":{"start":{"line":1,"column":4508},"end":{"line":1,"column":4518}},"86":{"start":{"line":1,"column":4529},"end":{"line":1,"column":4555}},"87":{"start":{"line":1,"column":4556},"end":{"line":1,"column":4835}},"88":{"start":{"line":1,"column":4592},"end":{"line":1,"column":4834}},"89":{"start":{"line":1,"column":4611},"end":{"line":1,"column":4624}},"90":{"start":{"line":1,"column":4629},"end":{"line":1,"column":4834}},"91":{"start":{"line":1,"column":4648},"end":{"line":1,"column":4661}},"92":{"start":{"line":1,"column":4666},"end":{"line":1,"column":4834}},"93":{"start":{"line":1,"column":4687},"end":{"line":1,"column":4772}},"94":{"start":{"line":1,"column":4778},"end":{"line":1,"column":4834}},"95":{"start":{"line":1,"column":4862},"end":{"line":1,"column":7089}},"96":{"start":{"line":1,"column":4890},"end":{"line":1,"column":4903}},"97":{"start":{"line":1,"column":4909},"end":{"line":1,"column":4919}},"98":{"start":{"line":1,"column":4931},"end":{"line":1,"column":4940}},"99":{"start":{"line":1,"column":4945},"end":{"line":1,"column":4978}},"100":{"start":{"line":1,"column":4987},"end":{"line":1,"column":5000}},"101":{"start":{"line":1,"column":5001},"end":{"line":1,"column":7088}},"102":{"start":{"line":1,"column":5055},"end":{"line":1,"column":5091}},"103":{"start":{"line":1,"column":5107},"end":{"line":1,"column":5149}},"104":{"start":{"line":1,"column":5150},"end":{"line":1,"column":5187}},"105":{"start":{"line":1,"column":5165},"end":{"line":1,"column":5187}},"106":{"start":{"line":1,"column":5200},"end":{"line":1,"column":5234}},"107":{"start":{"line":1,"column":5235},"end":{"line":1,"column":5306}},"108":{"start":{"line":1,"column":5332},"end":{"line":1,"column":6908}},"109":{"start":{"line":1,"column":5369},"end":{"line":1,"column":5403}},"110":{"start":{"line":1,"column":5423},"end":{"line":1,"column":5526}},"111":{"start":{"line":1,"column":5436},"end":{"line":1,"column":5452}},"112":{"start":{"line":1,"column":5458},"end":{"line":1,"column":5473}},"113":{"start":{"line":1,"column":5479},"end":{"line":1,"column":5480}},"114":{"start":{"line":1,"column":5499},"end":{"line":1,"column":5525}},"115":{"start":{"line":1,"column":5526},"end":{"line":1,"column":5559}},"116":{"start":{"line":1,"column":5569},"end":{"line":1,"column":5673}},"117":{"start":{"line":1,"column":5673},"end":{"line":1,"column":5706}},"118":{"start":{"line":1,"column":5706},"end":{"line":1,"column":5759}},"119":{"start":{"line":1,"column":5759},"end":{"line":1,"column":5822}},"120":{"start":{"line":1,"column":5822},"end":{"line":1,"column":5834}},"121":{"start":{"line":1,"column":5835},"end":{"line":1,"column":6877}},"122":{"start":{"line":1,"column":5929},"end":{"line":1,"column":5933}},"123":{"start":{"line":1,"column":5934},"end":{"line":1,"column":6117}},"124":{"start":{"line":1,"column":5995},"end":{"line":1,"column":6000}},"125":{"start":{"line":1,"column":6001},"end":{"line":1,"column":6115}},"126":{"start":{"line":1,"column":6196},"end":{"line":1,"column":6200}},"127":{"start":{"line":1,"column":6201},"end":{"line":1,"column":6399}},"128":{"start":{"line":1,"column":6265},"end":{"line":1,"column":6270}},"129":{"start":{"line":1,"column":6271},"end":{"line":1,"column":6397}},"130":{"start":{"line":1,"column":6519},"end":{"line":1,"column":6523}},"131":{"start":{"line":1,"column":6524},"end":{"line":1,"column":6753}},"132":{"start":{"line":1,"column":6578},"end":{"line":1,"column":6752}},"133":{"start":{"line":1,"column":6753},"end":{"line":1,"column":6872}},"134":{"start":{"line":1,"column":6777},"end":{"line":1,"column":6871}},"135":{"start":{"line":1,"column":6813},"end":{"line":1,"column":6842}},"136":{"start":{"line":1,"column":6877},"end":{"line":1,"column":6892}},"137":{"start":{"line":1,"column":6909},"end":{"line":1,"column":6980}},"138":{"start":{"line":1,"column":6964},"end":{"line":1,"column":6977}},"139":{"start":{"line":1,"column":6980},"end":{"line":1,"column":7072}},"140":{"start":{"line":1,"column":7024},"end":{"line":1,"column":7071}},"141":{"start":{"line":1,"column":7072},"end":{"line":1,"column":7087}},"142":{"start":{"line":1,"column":7110},"end":{"line":1,"column":8704}},"143":{"start":{"line":1,"column":7130},"end":{"line":1,"column":7187}},"144":{"start":{"line":1,"column":7193},"end":{"line":1,"column":7202}},"145":{"start":{"line":1,"column":7208},"end":{"line":1,"column":7217}},"146":{"start":{"line":1,"column":7231},"end":{"line":1,"column":7248}},"147":{"start":{"line":1,"column":7249},"end":{"line":1,"column":8703}},"148":{"start":{"line":1,"column":7345},"end":{"line":1,"column":7413}},"149":{"start":{"line":1,"column":7439},"end":{"line":1,"column":7538}},"150":{"start":{"line":1,"column":7553},"end":{"line":1,"column":7616}},"151":{"start":{"line":1,"column":7617},"end":{"line":1,"column":7761}},"152":{"start":{"line":1,"column":7776},"end":{"line":1,"column":7812}},"153":{"start":{"line":1,"column":7813},"end":{"line":1,"column":7840}},"154":{"start":{"line":1,"column":7840},"end":{"line":1,"column":8702}},"155":{"start":{"line":1,"column":7880},"end":{"line":1,"column":7996}},"156":{"start":{"line":1,"column":8008},"end":{"line":1,"column":8012}},"157":{"start":{"line":1,"column":8013},"end":{"line":1,"column":8071}},"158":{"start":{"line":1,"column":8071},"end":{"line":1,"column":8152}},"159":{"start":{"line":1,"column":8097},"end":{"line":1,"column":8149}},"160":{"start":{"line":1,"column":8152},"end":{"line":1,"column":8171}},"161":{"start":{"line":1,"column":8204},"end":{"line":1,"column":8208}},"162":{"start":{"line":1,"column":8209},"end":{"line":1,"column":8247}},"163":{"start":{"line":1,"column":8283},"end":{"line":1,"column":8287}},"164":{"start":{"line":1,"column":8288},"end":{"line":1,"column":8700}},"165":{"start":{"line":1,"column":8326},"end":{"line":1,"column":8331}},"166":{"start":{"line":1,"column":8345},"end":{"line":1,"column":8376}},"167":{"start":{"line":1,"column":8377},"end":{"line":1,"column":8637}},"168":{"start":{"line":1,"column":8434},"end":{"line":1,"column":8482}},"169":{"start":{"line":1,"column":8488},"end":{"line":1,"column":8637}},"170":{"start":{"line":1,"column":8519},"end":{"line":1,"column":8574}},"171":{"start":{"line":1,"column":8580},"end":{"line":1,"column":8637}},"172":{"start":{"line":1,"column":8637},"end":{"line":1,"column":8698}},"173":{"start":{"line":1,"column":8657},"end":{"line":1,"column":8698}},"174":{"start":{"line":1,"column":8722},"end":{"line":1,"column":9897}},"175":{"start":{"line":1,"column":8750},"end":{"line":1,"column":8822}},"176":{"start":{"line":1,"column":8823},"end":{"line":1,"column":9896}},"177":{"start":{"line":1,"column":8870},"end":{"line":1,"column":8893}},"178":{"start":{"line":1,"column":8915},"end":{"line":1,"column":8999}},"179":{"start":{"line":1,"column":9000},"end":{"line":1,"column":9895}},"180":{"start":{"line":1,"column":9052},"end":{"line":1,"column":9056}},"181":{"start":{"line":1,"column":9075},"end":{"line":1,"column":9218}},"182":{"start":{"line":1,"column":9086},"end":{"line":1,"column":9217}},"183":{"start":{"line":1,"column":9112},"end":{"line":1,"column":9215}},"184":{"start":{"line":1,"column":9162},"end":{"line":1,"column":9214}},"185":{"start":{"line":1,"column":9234},"end":{"line":1,"column":9246}},"186":{"start":{"line":1,"column":9247},"end":{"line":1,"column":9399}},"187":{"start":{"line":1,"column":9347},"end":{"line":1,"column":9398}},"188":{"start":{"line":1,"column":9399},"end":{"line":1,"column":9415}},"189":{"start":{"line":1,"column":9415},"end":{"line":1,"column":9432}},"190":{"start":{"line":1,"column":9453},"end":{"line":1,"column":9483}},"191":{"start":{"line":1,"column":9524},"end":{"line":1,"column":9528}},"192":{"start":{"line":1,"column":9547},"end":{"line":1,"column":9682}},"193":{"start":{"line":1,"column":9558},"end":{"line":1,"column":9681}},"194":{"start":{"line":1,"column":9584},"end":{"line":1,"column":9679}},"195":{"start":{"line":1,"column":9634},"end":{"line":1,"column":9678}},"196":{"start":{"line":1,"column":9698},"end":{"line":1,"column":9706}},"197":{"start":{"line":1,"column":9707},"end":{"line":1,"column":9843}},"198":{"start":{"line":1,"column":9795},"end":{"line":1,"column":9842}},"199":{"start":{"line":1,"column":9843},"end":{"line":1,"column":9878}},"200":{"start":{"line":1,"column":9878},"end":{"line":1,"column":9893}},"201":{"start":{"line":1,"column":9913},"end":{"line":1,"column":10139}},"202":{"start":{"line":1,"column":9932},"end":{"line":1,"column":10138}},"203":{"start":{"line":1,"column":9965},"end":{"line":1,"column":10137}},"204":{"start":{"line":1,"column":10009},"end":{"line":1,"column":10013}},"205":{"start":{"line":1,"column":10014},"end":{"line":1,"column":10135}},"206":{"start":{"line":1,"column":10052},"end":{"line":1,"column":10057}},"207":{"start":{"line":1,"column":10058},"end":{"line":1,"column":10133}},"208":{"start":{"line":1,"column":10157},"end":{"line":1,"column":10581}},"209":{"start":{"line":1,"column":10180},"end":{"line":1,"column":10237}},"210":{"start":{"line":1,"column":10238},"end":{"line":1,"column":10580}},"211":{"start":{"line":1,"column":10303},"end":{"line":1,"column":10413}},"212":{"start":{"line":1,"column":10414},"end":{"line":1,"column":10579}},"213":{"start":{"line":1,"column":10458},"end":{"line":1,"column":10462}},"214":{"start":{"line":1,"column":10463},"end":{"line":1,"column":10577}},"215":{"start":{"line":1,"column":10501},"end":{"line":1,"column":10506}},"216":{"start":{"line":1,"column":10507},"end":{"line":1,"column":10575}}},"fnMap":{"0":{"name":"_array_like_to_array","decl":{"start":{"line":1,"column":9},"end":{"line":1,"column":29}},"loc":{"start":{"line":1,"column":38},"end":{"line":1,"column":152}},"line":1},"1":{"name":"_array_without_holes","decl":{"start":{"line":1,"column":161},"end":{"line":1,"column":181}},"loc":{"start":{"line":1,"column":186},"end":{"line":1,"column":242}},"line":1},"2":{"name":"_assert_this_initialized","decl":{"start":{"line":1,"column":251},"end":{"line":1,"column":275}},"loc":{"start":{"line":1,"column":281},"end":{"line":1,"column":398}},"line":1},"3":{"name":"_call_super","decl":{"start":{"line":1,"column":407},"end":{"line":1,"column":418}},"loc":{"start":{"line":1,"column":438},"end":{"line":1,"column":647}},"line":1},"4":{"name":"_class_call_check","decl":{"start":{"line":1,"column":656},"end":{"line":1,"column":673}},"loc":{"start":{"line":1,"column":695},"end":{"line":1,"column":793}},"line":1},"5":{"name":"_defineProperties","decl":{"start":{"line":1,"column":802},"end":{"line":1,"column":819}},"loc":{"start":{"line":1,"column":833},"end":{"line":1,"column":1076}},"line":1},"6":{"name":"_create_class","decl":{"start":{"line":1,"column":1085},"end":{"line":1,"column":1098}},"loc":{"start":{"line":1,"column":1134},"end":{"line":1,"column":1278}},"line":1},"7":{"name":"_define_property","decl":{"start":{"line":1,"column":1287},"end":{"line":1,"column":1303}},"loc":{"start":{"line":1,"column":1318},"end":{"line":1,"column":1458}},"line":1},"8":{"name":"_get_prototype_of","decl":{"start":{"line":1,"column":1467},"end":{"line":1,"column":1484}},"loc":{"start":{"line":1,"column":1487},"end":{"line":1,"column":1651}},"line":1},"9":{"name":"getPrototypeOf","decl":{"start":{"line":1,"column":1559},"end":{"line":1,"column":1573}},"loc":{"start":{"line":1,"column":1576},"end":{"line":1,"column":1622}},"line":1},"10":{"name":"_inherits","decl":{"start":{"line":1,"column":1660},"end":{"line":1,"column":1669}},"loc":{"start":{"line":1,"column":1690},"end":{"line":1,"column":2002}},"line":1},"11":{"name":"_instanceof","decl":{"start":{"line":1,"column":2011},"end":{"line":1,"column":2022}},"loc":{"start":{"line":1,"column":2034},"end":{"line":1,"column":2182}},"line":1},"12":{"name":"_iterable_to_array","decl":{"start":{"line":1,"column":2191},"end":{"line":1,"column":2209}},"loc":{"start":{"line":1,"column":2215},"end":{"line":1,"column":2326}},"line":1},"13":{"name":"_non_iterable_spread","decl":{"start":{"line":1,"column":2335},"end":{"line":1,"column":2355}},"loc":{"start":{"line":1,"column":2357},"end":{"line":1,"column":2515}},"line":1},"14":{"name":"_possible_constructor_return","decl":{"start":{"line":1,"column":2524},"end":{"line":1,"column":2552}},"loc":{"start":{"line":1,"column":2563},"end":{"line":1,"column":2678}},"line":1},"15":{"name":"_set_prototype_of","decl":{"start":{"line":1,"column":2687},"end":{"line":1,"column":2704}},"loc":{"start":{"line":1,"column":2709},"end":{"line":1,"column":2834}},"line":1},"16":{"name":"setPrototypeOf","decl":{"start":{"line":1,"column":2760},"end":{"line":1,"column":2774}},"loc":{"start":{"line":1,"column":2779},"end":{"line":1,"column":2803}},"line":1},"17":{"name":"_to_consumable_array","decl":{"start":{"line":1,"column":2843},"end":{"line":1,"column":2863}},"loc":{"start":{"line":1,"column":2868},"end":{"line":1,"column":2988}},"line":1},"18":{"name":"_type_of","decl":{"start":{"line":1,"column":2997},"end":{"line":1,"column":3005}},"loc":{"start":{"line":1,"column":3010},"end":{"line":1,"column":3121}},"line":1},"19":{"name":"_unsupported_iterable_to_array","decl":{"start":{"line":1,"column":3130},"end":{"line":1,"column":3160}},"loc":{"start":{"line":1,"column":3170},"end":{"line":1,"column":3503}},"line":1},"20":{"name":"_is_native_reflect_construct","decl":{"start":{"line":1,"column":3512},"end":{"line":1,"column":3540}},"loc":{"start":{"line":1,"column":3542},"end":{"line":1,"column":3710}},"line":1},"21":{"name":"(anonymous_21)","decl":{"start":{"line":1,"column":3619},"end":{"line":1,"column":3627}},"loc":{"start":{"line":1,"column":3629},"end":{"line":1,"column":3631}},"line":1},"22":{"name":"(anonymous_22)","decl":{"start":{"line":1,"column":3680},"end":{"line":1,"column":3688}},"loc":{"start":{"line":1,"column":3690},"end":{"line":1,"column":3706}},"line":1},"23":{"name":"(anonymous_23)","decl":{"start":{"line":1,"column":3927},"end":{"line":1,"column":3935}},"loc":{"start":{"line":1,"column":3972},"end":{"line":1,"column":4441}},"line":1},"24":{"name":"(anonymous_24)","decl":{"start":{"line":1,"column":4459},"end":{"line":1,"column":4467}},"loc":{"start":{"line":1,"column":4482},"end":{"line":1,"column":4836}},"line":1},"25":{"name":"(anonymous_25)","decl":{"start":{"line":1,"column":4862},"end":{"line":1,"column":4870}},"loc":{"start":{"line":1,"column":4877},"end":{"line":1,"column":7089}},"line":1},"26":{"name":"(anonymous_26)","decl":{"start":{"line":1,"column":5008},"end":{"line":1,"column":5016}},"loc":{"start":{"line":1,"column":5039},"end":{"line":1,"column":7088}},"line":1},"27":{"name":"(anonymous_27)","decl":{"start":{"line":1,"column":5332},"end":{"line":1,"column":5340}},"loc":{"start":{"line":1,"column":5355},"end":{"line":1,"column":6893}},"line":1},"28":{"name":"NewClass","decl":{"start":{"line":1,"column":5412},"end":{"line":1,"column":5420}},"loc":{"start":{"line":1,"column":5422},"end":{"line":1,"column":5835}},"line":1},"29":{"name":"(anonymous_29)","decl":{"start":{"line":1,"column":5884},"end":{"line":1,"column":5889}},"loc":{"start":{"line":1,"column":5918},"end":{"line":1,"column":6118}},"line":1},"30":{"name":"(anonymous_30)","decl":{"start":{"line":1,"column":5949},"end":{"line":1,"column":5957}},"loc":{"start":{"line":1,"column":5959},"end":{"line":1,"column":6116}},"line":1},"31":{"name":"(anonymous_31)","decl":{"start":{"line":1,"column":6148},"end":{"line":1,"column":6153}},"loc":{"start":{"line":1,"column":6185},"end":{"line":1,"column":6400}},"line":1},"32":{"name":"(anonymous_32)","decl":{"start":{"line":1,"column":6216},"end":{"line":1,"column":6224}},"loc":{"start":{"line":1,"column":6226},"end":{"line":1,"column":6398}},"line":1},"33":{"name":"(anonymous_33)","decl":{"start":{"line":1,"column":6434},"end":{"line":1,"column":6439}},"loc":{"start":{"line":1,"column":6506},"end":{"line":1,"column":6873}},"line":1},"34":{"name":"(anonymous_34)","decl":{"start":{"line":1,"column":6801},"end":{"line":1,"column":6809}},"loc":{"start":{"line":1,"column":6812},"end":{"line":1,"column":6843}},"line":1},"35":{"name":"(anonymous_35)","decl":{"start":{"line":1,"column":6952},"end":{"line":1,"column":6960}},"loc":{"start":{"line":1,"column":6963},"end":{"line":1,"column":6978}},"line":1},"36":{"name":"(anonymous_36)","decl":{"start":{"line":1,"column":7110},"end":{"line":1,"column":7118}},"loc":{"start":{"line":1,"column":7120},"end":{"line":1,"column":8704}},"line":1},"37":{"name":"(anonymous_37)","decl":{"start":{"line":1,"column":7256},"end":{"line":1,"column":7264}},"loc":{"start":{"line":1,"column":7283},"end":{"line":1,"column":8703}},"line":1},"38":{"name":"(anonymous_38)","decl":{"start":{"line":1,"column":7847},"end":{"line":1,"column":7851}},"loc":{"start":{"line":1,"column":7879},"end":{"line":1,"column":8172}},"line":1},"39":{"name":"(anonymous_39)","decl":{"start":{"line":1,"column":8086},"end":{"line":1,"column":8094}},"loc":{"start":{"line":1,"column":8096},"end":{"line":1,"column":8150}},"line":1},"40":{"name":"(anonymous_40)","decl":{"start":{"line":1,"column":8173},"end":{"line":1,"column":8176}},"loc":{"start":{"line":1,"column":8191},"end":{"line":1,"column":8248}},"line":1},"41":{"name":"(anonymous_41)","decl":{"start":{"line":1,"column":8249},"end":{"line":1,"column":8252}},"loc":{"start":{"line":1,"column":8272},"end":{"line":1,"column":8701}},"line":1},"42":{"name":"(anonymous_42)","decl":{"start":{"line":1,"column":8303},"end":{"line":1,"column":8311}},"loc":{"start":{"line":1,"column":8313},"end":{"line":1,"column":8699}},"line":1},"43":{"name":"(anonymous_43)","decl":{"start":{"line":1,"column":8722},"end":{"line":1,"column":8730}},"loc":{"start":{"line":1,"column":8732},"end":{"line":1,"column":9897}},"line":1},"44":{"name":"(anonymous_44)","decl":{"start":{"line":1,"column":8830},"end":{"line":1,"column":8838}},"loc":{"start":{"line":1,"column":8856},"end":{"line":1,"column":9896}},"line":1},"45":{"name":"(anonymous_45)","decl":{"start":{"line":1,"column":9007},"end":{"line":1,"column":9011}},"loc":{"start":{"line":1,"column":9039},"end":{"line":1,"column":9433}},"line":1},"46":{"name":"(anonymous_46)","decl":{"start":{"line":1,"column":9075},"end":{"line":1,"column":9083}},"loc":{"start":{"line":1,"column":9085},"end":{"line":1,"column":9218}},"line":1},"47":{"name":"(anonymous_47)","decl":{"start":{"line":1,"column":9101},"end":{"line":1,"column":9109}},"loc":{"start":{"line":1,"column":9111},"end":{"line":1,"column":9216}},"line":1},"48":{"name":"(anonymous_48)","decl":{"start":{"line":1,"column":9434},"end":{"line":1,"column":9437}},"loc":{"start":{"line":1,"column":9452},"end":{"line":1,"column":9484}},"line":1},"49":{"name":"(anonymous_49)","decl":{"start":{"line":1,"column":9485},"end":{"line":1,"column":9488}},"loc":{"start":{"line":1,"column":9511},"end":{"line":1,"column":9894}},"line":1},"50":{"name":"(anonymous_50)","decl":{"start":{"line":1,"column":9547},"end":{"line":1,"column":9555}},"loc":{"start":{"line":1,"column":9557},"end":{"line":1,"column":9682}},"line":1},"51":{"name":"(anonymous_51)","decl":{"start":{"line":1,"column":9573},"end":{"line":1,"column":9581}},"loc":{"start":{"line":1,"column":9583},"end":{"line":1,"column":9680}},"line":1},"52":{"name":"(anonymous_52)","decl":{"start":{"line":1,"column":9913},"end":{"line":1,"column":9921}},"loc":{"start":{"line":1,"column":9931},"end":{"line":1,"column":10139}},"line":1},"53":{"name":"(anonymous_53)","decl":{"start":{"line":1,"column":9939},"end":{"line":1,"column":9947}},"loc":{"start":{"line":1,"column":9964},"end":{"line":1,"column":10138}},"line":1},"54":{"name":"(anonymous_54)","decl":{"start":{"line":1,"column":9988},"end":{"line":1,"column":9996}},"loc":{"start":{"line":1,"column":9998},"end":{"line":1,"column":10136}},"line":1},"55":{"name":"(anonymous_55)","decl":{"start":{"line":1,"column":10029},"end":{"line":1,"column":10037}},"loc":{"start":{"line":1,"column":10039},"end":{"line":1,"column":10134}},"line":1},"56":{"name":"(anonymous_56)","decl":{"start":{"line":1,"column":10157},"end":{"line":1,"column":10165}},"loc":{"start":{"line":1,"column":10167},"end":{"line":1,"column":10581}},"line":1},"57":{"name":"(anonymous_57)","decl":{"start":{"line":1,"column":10245},"end":{"line":1,"column":10253}},"loc":{"start":{"line":1,"column":10270},"end":{"line":1,"column":10580}},"line":1},"58":{"name":"(anonymous_58)","decl":{"start":{"line":1,"column":10437},"end":{"line":1,"column":10445}},"loc":{"start":{"line":1,"column":10447},"end":{"line":1,"column":10578}},"line":1},"59":{"name":"(anonymous_59)","decl":{"start":{"line":1,"column":10478},"end":{"line":1,"column":10486}},"loc":{"start":{"line":1,"column":10488},"end":{"line":1,"column":10576}},"line":1}},"branchMap":{"0":{"loc":{"start":{"line":1,"column":39},"end":{"line":1,"column":83}},"type":"if","locations":[{"start":{"line":1,"column":39},"end":{"line":1,"column":83}},{"start":{},"end":{}}],"line":1},"1":{"loc":{"start":{"line":1,"column":42},"end":{"line":1,"column":67}},"type":"binary-expr","locations":[{"start":{"line":1,"column":42},"end":{"line":1,"column":51}},{"start":{"line":1,"column":53},"end":{"line":1,"column":67}}],"line":1},"2":{"loc":{"start":{"line":1,"column":187},"end":{"line":1,"column":241}},"type":"if","locations":[{"start":{"line":1,"column":187},"end":{"line":1,"column":241}},{"start":{},"end":{}}],"line":1},"3":{"loc":{"start":{"line":1,"column":282},"end":{"line":1,"column":386}},"type":"if","locations":[{"start":{"line":1,"column":282},"end":{"line":1,"column":386}},{"start":{},"end":{}}],"line":1},"4":{"loc":{"start":{"line":1,"column":516},"end":{"line":1,"column":645}},"type":"cond-expr","locations":[{"start":{"line":1,"column":547},"end":{"line":1,"column":619}},{"start":{"line":1,"column":620},"end":{"line":1,"column":645}}],"line":1},"5":{"loc":{"start":{"line":1,"column":573},"end":{"line":1,"column":581}},"type":"binary-expr","locations":[{"start":{"line":1,"column":573},"end":{"line":1,"column":577}},{"start":{"line":1,"column":579},"end":{"line":1,"column":581}}],"line":1},"6":{"loc":{"start":{"line":1,"column":696},"end":{"line":1,"column":792}},"type":"if","locations":[{"start":{"line":1,"column":696},"end":{"line":1,"column":792}},{"start":{},"end":{}}],"line":1},"7":{"loc":{"start":{"line":1,"column":912},"end":{"line":1,"column":940}},"type":"binary-expr","locations":[{"start":{"line":1,"column":912},"end":{"line":1,"column":933}},{"start":{"line":1,"column":935},"end":{"line":1,"column":940}}],"line":1},"8":{"loc":{"start":{"line":1,"column":970},"end":{"line":1,"column":1019}},"type":"if","locations":[{"start":{"line":1,"column":970},"end":{"line":1,"column":1019}},{"start":{},"end":{}}],"line":1},"9":{"loc":{"start":{"line":1,"column":1135},"end":{"line":1,"column":1201}},"type":"if","locations":[{"start":{"line":1,"column":1135},"end":{"line":1,"column":1201}},{"start":{},"end":{}}],"line":1},"10":{"loc":{"start":{"line":1,"column":1201},"end":{"line":1,"column":1259}},"type":"if","locations":[{"start":{"line":1,"column":1201},"end":{"line":1,"column":1259}},{"start":{},"end":{}}],"line":1},"11":{"loc":{"start":{"line":1,"column":1319},"end":{"line":1,"column":1447}},"type":"if","locations":[{"start":{"line":1,"column":1319},"end":{"line":1,"column":1447}},{"start":{"line":1,"column":1431},"end":{"line":1,"column":1447}}],"line":1},"12":{"loc":{"start":{"line":1,"column":1506},"end":{"line":1,"column":1622}},"type":"cond-expr","locations":[{"start":{"line":1,"column":1528},"end":{"line":1,"column":1549}},{"start":{"line":1,"column":1550},"end":{"line":1,"column":1622}}],"line":1},"13":{"loc":{"start":{"line":1,"column":1584},"end":{"line":1,"column":1621}},"type":"binary-expr","locations":[{"start":{"line":1,"column":1584},"end":{"line":1,"column":1595}},{"start":{"line":1,"column":1597},"end":{"line":1,"column":1621}}],"line":1},"14":{"loc":{"start":{"line":1,"column":1691},"end":{"line":1,"column":1819}},"type":"if","locations":[{"start":{"line":1,"column":1691},"end":{"line":1,"column":1819}},{"start":{},"end":{}}],"line":1},"15":{"loc":{"start":{"line":1,"column":1694},"end":{"line":1,"column":1743}},"type":"binary-expr","locations":[{"start":{"line":1,"column":1694},"end":{"line":1,"column":1724}},{"start":{"line":1,"column":1726},"end":{"line":1,"column":1743}}],"line":1},"16":{"loc":{"start":{"line":1,"column":1852},"end":{"line":1,"column":1884}},"type":"binary-expr","locations":[{"start":{"line":1,"column":1852},"end":{"line":1,"column":1862}},{"start":{"line":1,"column":1864},"end":{"line":1,"column":1884}}],"line":1},"17":{"loc":{"start":{"line":1,"column":1949},"end":{"line":1,"column":2001}},"type":"if","locations":[{"start":{"line":1,"column":1949},"end":{"line":1,"column":2001}},{"start":{},"end":{}}],"line":1},"18":{"loc":{"start":{"line":1,"column":2035},"end":{"line":1,"column":2181}},"type":"if","locations":[{"start":{"line":1,"column":2035},"end":{"line":1,"column":2181}},{"start":{"line":1,"column":2151},"end":{"line":1,"column":2181}}],"line":1},"19":{"loc":{"start":{"line":1,"column":2038},"end":{"line":1,"column":2105}},"type":"binary-expr","locations":[{"start":{"line":1,"column":2038},"end":{"line":1,"column":2049}},{"start":{"line":1,"column":2051},"end":{"line":1,"column":2078}},{"start":{"line":1,"column":2080},"end":{"line":1,"column":2105}}],"line":1},"20":{"loc":{"start":{"line":1,"column":2216},"end":{"line":1,"column":2325}},"type":"if","locations":[{"start":{"line":1,"column":2216},"end":{"line":1,"column":2325}},{"start":{},"end":{}}],"line":1},"21":{"loc":{"start":{"line":1,"column":2219},"end":{"line":1,"column":2301}},"type":"binary-expr","locations":[{"start":{"line":1,"column":2219},"end":{"line":1,"column":2246}},{"start":{"line":1,"column":2248},"end":{"line":1,"column":2275}},{"start":{"line":1,"column":2277},"end":{"line":1,"column":2301}}],"line":1},"22":{"loc":{"start":{"line":1,"column":2564},"end":{"line":1,"column":2640}},"type":"if","locations":[{"start":{"line":1,"column":2564},"end":{"line":1,"column":2640}},{"start":{},"end":{}}],"line":1},"23":{"loc":{"start":{"line":1,"column":2567},"end":{"line":1,"column":2626}},"type":"binary-expr","locations":[{"start":{"line":1,"column":2567},"end":{"line":1,"column":2571}},{"start":{"line":1,"column":2574},"end":{"line":1,"column":2599}},{"start":{"line":1,"column":2601},"end":{"line":1,"column":2625}}],"line":1},"24":{"loc":{"start":{"line":1,"column":2728},"end":{"line":1,"column":2803}},"type":"binary-expr","locations":[{"start":{"line":1,"column":2728},"end":{"line":1,"column":2749}},{"start":{"line":1,"column":2751},"end":{"line":1,"column":2803}}],"line":1},"25":{"loc":{"start":{"line":1,"column":2876},"end":{"line":1,"column":2987}},"type":"binary-expr","locations":[{"start":{"line":1,"column":2876},"end":{"line":1,"column":2901}},{"start":{"line":1,"column":2903},"end":{"line":1,"column":2926}},{"start":{"line":1,"column":2928},"end":{"line":1,"column":2963}},{"start":{"line":1,"column":2965},"end":{"line":1,"column":2987}}],"line":1},"26":{"loc":{"start":{"line":1,"column":3042},"end":{"line":1,"column":3120}},"type":"cond-expr","locations":[{"start":{"line":1,"column":3101},"end":{"line":1,"column":3109}},{"start":{"line":1,"column":3110},"end":{"line":1,"column":3120}}],"line":1},"27":{"loc":{"start":{"line":1,"column":3042},"end":{"line":1,"column":3100}},"type":"binary-expr","locations":[{"start":{"line":1,"column":3042},"end":{"line":1,"column":3045}},{"start":{"line":1,"column":3047},"end":{"line":1,"column":3074}},{"start":{"line":1,"column":3076},"end":{"line":1,"column":3100}}],"line":1},"28":{"loc":{"start":{"line":1,"column":3171},"end":{"line":1,"column":3184}},"type":"if","locations":[{"start":{"line":1,"column":3171},"end":{"line":1,"column":3184}},{"start":{},"end":{}}],"line":1},"29":{"loc":{"start":{"line":1,"column":3184},"end":{"line":1,"column":3245}},"type":"if","locations":[{"start":{"line":1,"column":3184},"end":{"line":1,"column":3245}},{"start":{},"end":{}}],"line":1},"30":{"loc":{"start":{"line":1,"column":3297},"end":{"line":1,"column":3349}},"type":"if","locations":[{"start":{"line":1,"column":3297},"end":{"line":1,"column":3349}},{"start":{},"end":{}}],"line":1},"31":{"loc":{"start":{"line":1,"column":3300},"end":{"line":1,"column":3327}},"type":"binary-expr","locations":[{"start":{"line":1,"column":3300},"end":{"line":1,"column":3312}},{"start":{"line":1,"column":3314},"end":{"line":1,"column":3327}}],"line":1},"32":{"loc":{"start":{"line":1,"column":3349},"end":{"line":1,"column":3394}},"type":"if","locations":[{"start":{"line":1,"column":3349},"end":{"line":1,"column":3394}},{"start":{},"end":{}}],"line":1},"33":{"loc":{"start":{"line":1,"column":3352},"end":{"line":1,"column":3372}},"type":"binary-expr","locations":[{"start":{"line":1,"column":3352},"end":{"line":1,"column":3361}},{"start":{"line":1,"column":3363},"end":{"line":1,"column":3372}}],"line":1},"34":{"loc":{"start":{"line":1,"column":3394},"end":{"line":1,"column":3502}},"type":"if","locations":[{"start":{"line":1,"column":3394},"end":{"line":1,"column":3502}},{"start":{},"end":{}}],"line":1},"35":{"loc":{"start":{"line":1,"column":3397},"end":{"line":1,"column":3464}},"type":"binary-expr","locations":[{"start":{"line":1,"column":3397},"end":{"line":1,"column":3412}},{"start":{"line":1,"column":3414},"end":{"line":1,"column":3464}}],"line":1},"36":{"loc":{"start":{"line":1,"column":3973},"end":{"line":1,"column":4440}},"type":"if","locations":[{"start":{"line":1,"column":3973},"end":{"line":1,"column":4440}},{"start":{},"end":{}}],"line":1},"37":{"loc":{"start":{"line":1,"column":4022},"end":{"line":1,"column":4439}},"type":"if","locations":[{"start":{"line":1,"column":4022},"end":{"line":1,"column":4439}},{"start":{},"end":{}}],"line":1},"38":{"loc":{"start":{"line":1,"column":4045},"end":{"line":1,"column":4438}},"type":"if","locations":[{"start":{"line":1,"column":4045},"end":{"line":1,"column":4438}},{"start":{"line":1,"column":4116},"end":{"line":1,"column":4438}}],"line":1},"39":{"loc":{"start":{"line":1,"column":4116},"end":{"line":1,"column":4438}},"type":"if","locations":[{"start":{"line":1,"column":4116},"end":{"line":1,"column":4438}},{"start":{"line":1,"column":4189},"end":{"line":1,"column":4438}}],"line":1},"40":{"loc":{"start":{"line":1,"column":4189},"end":{"line":1,"column":4438}},"type":"if","locations":[{"start":{"line":1,"column":4189},"end":{"line":1,"column":4438}},{"start":{},"end":{}}],"line":1},"41":{"loc":{"start":{"line":1,"column":4237},"end":{"line":1,"column":4336}},"type":"cond-expr","locations":[{"start":{"line":1,"column":4264},"end":{"line":1,"column":4318}},{"start":{"line":1,"column":4319},"end":{"line":1,"column":4336}}],"line":1},"42":{"loc":{"start":{"line":1,"column":4264},"end":{"line":1,"column":4318}},"type":"binary-expr","locations":[{"start":{"line":1,"column":4264},"end":{"line":1,"column":4277}},{"start":{"line":1,"column":4279},"end":{"line":1,"column":4318}}],"line":1},"43":{"loc":{"start":{"line":1,"column":4337},"end":{"line":1,"column":4436}},"type":"cond-expr","locations":[{"start":{"line":1,"column":4364},"end":{"line":1,"column":4418}},{"start":{"line":1,"column":4419},"end":{"line":1,"column":4436}}],"line":1},"44":{"loc":{"start":{"line":1,"column":4364},"end":{"line":1,"column":4418}},"type":"binary-expr","locations":[{"start":{"line":1,"column":4364},"end":{"line":1,"column":4377}},{"start":{"line":1,"column":4379},"end":{"line":1,"column":4418}}],"line":1},"45":{"loc":{"start":{"line":1,"column":4556},"end":{"line":1,"column":4835}},"type":"if","locations":[{"start":{"line":1,"column":4556},"end":{"line":1,"column":4835}},{"start":{},"end":{}}],"line":1},"46":{"loc":{"start":{"line":1,"column":4559},"end":{"line":1,"column":4590}},"type":"binary-expr","locations":[{"start":{"line":1,"column":4559},"end":{"line":1,"column":4576}},{"start":{"line":1,"column":4578},"end":{"line":1,"column":4590}}],"line":1},"47":{"loc":{"start":{"line":1,"column":4592},"end":{"line":1,"column":4834}},"type":"if","locations":[{"start":{"line":1,"column":4592},"end":{"line":1,"column":4834}},{"start":{"line":1,"column":4629},"end":{"line":1,"column":4834}}],"line":1},"48":{"loc":{"start":{"line":1,"column":4629},"end":{"line":1,"column":4834}},"type":"if","locations":[{"start":{"line":1,"column":4629},"end":{"line":1,"column":4834}},{"start":{"line":1,"column":4666},"end":{"line":1,"column":4834}}],"line":1},"49":{"loc":{"start":{"line":1,"column":4666},"end":{"line":1,"column":4834}},"type":"if","locations":[{"start":{"line":1,"column":4666},"end":{"line":1,"column":4834}},{"start":{"line":1,"column":4778},"end":{"line":1,"column":4834}}],"line":1},"50":{"loc":{"start":{"line":1,"column":4694},"end":{"line":1,"column":4772}},"type":"binary-expr","locations":[{"start":{"line":1,"column":4694},"end":{"line":1,"column":4704}},{"start":{"line":1,"column":4706},"end":{"line":1,"column":4772}}],"line":1},"51":{"loc":{"start":{"line":1,"column":4707},"end":{"line":1,"column":4762}},"type":"cond-expr","locations":[{"start":{"line":1,"column":4736},"end":{"line":1,"column":4742}},{"start":{"line":1,"column":4743},"end":{"line":1,"column":4762}}],"line":1},"52":{"loc":{"start":{"line":1,"column":4707},"end":{"line":1,"column":4735}},"type":"binary-expr","locations":[{"start":{"line":1,"column":4707},"end":{"line":1,"column":4719}},{"start":{"line":1,"column":4721},"end":{"line":1,"column":4735}}],"line":1},"53":{"loc":{"start":{"line":1,"column":4945},"end":{"line":1,"column":4978}},"type":"cond-expr","locations":[{"start":{"line":1,"column":4965},"end":{"line":1,"column":4967}},{"start":{"line":1,"column":4968},"end":{"line":1,"column":4978}}],"line":1},"54":{"loc":{"start":{"line":1,"column":5107},"end":{"line":1,"column":5149}},"type":"cond-expr","locations":[{"start":{"line":1,"column":5134},"end":{"line":1,"column":5144}},{"start":{"line":1,"column":5145},"end":{"line":1,"column":5149}}],"line":1},"55":{"loc":{"start":{"line":1,"column":5150},"end":{"line":1,"column":5187}},"type":"if","locations":[{"start":{"line":1,"column":5150},"end":{"line":1,"column":5187}},{"start":{},"end":{}}],"line":1},"56":{"loc":{"start":{"line":1,"column":6001},"end":{"line":1,"column":6115}},"type":"cond-expr","locations":[{"start":{"line":1,"column":6076},"end":{"line":1,"column":6082}},{"start":{"line":1,"column":6083},"end":{"line":1,"column":6115}}],"line":1},"57":{"loc":{"start":{"line":1,"column":6001},"end":{"line":1,"column":6075}},"type":"binary-expr","locations":[{"start":{"line":1,"column":6001},"end":{"line":1,"column":6046}},{"start":{"line":1,"column":6048},"end":{"line":1,"column":6075}}],"line":1},"58":{"loc":{"start":{"line":1,"column":6271},"end":{"line":1,"column":6397}},"type":"cond-expr","locations":[{"start":{"line":1,"column":6355},"end":{"line":1,"column":6361}},{"start":{"line":1,"column":6362},"end":{"line":1,"column":6397}}],"line":1},"59":{"loc":{"start":{"line":1,"column":6271},"end":{"line":1,"column":6354}},"type":"binary-expr","locations":[{"start":{"line":1,"column":6271},"end":{"line":1,"column":6322}},{"start":{"line":1,"column":6324},"end":{"line":1,"column":6354}}],"line":1},"60":{"loc":{"start":{"line":1,"column":6524},"end":{"line":1,"column":6753}},"type":"if","locations":[{"start":{"line":1,"column":6524},"end":{"line":1,"column":6753}},{"start":{},"end":{}}],"line":1},"61":{"loc":{"start":{"line":1,"column":6578},"end":{"line":1,"column":6752}},"type":"cond-expr","locations":[{"start":{"line":1,"column":6674},"end":{"line":1,"column":6680}},{"start":{"line":1,"column":6681},"end":{"line":1,"column":6752}}],"line":1},"62":{"loc":{"start":{"line":1,"column":6578},"end":{"line":1,"column":6673}},"type":"binary-expr","locations":[{"start":{"line":1,"column":6578},"end":{"line":1,"column":6637}},{"start":{"line":1,"column":6639},"end":{"line":1,"column":6673}}],"line":1},"63":{"loc":{"start":{"line":1,"column":6753},"end":{"line":1,"column":6872}},"type":"if","locations":[{"start":{"line":1,"column":6753},"end":{"line":1,"column":6872}},{"start":{},"end":{}}],"line":1},"64":{"loc":{"start":{"line":1,"column":6980},"end":{"line":1,"column":7072}},"type":"if","locations":[{"start":{"line":1,"column":6980},"end":{"line":1,"column":7072}},{"start":{},"end":{}}],"line":1},"65":{"loc":{"start":{"line":1,"column":6983},"end":{"line":1,"column":7022}},"type":"binary-expr","locations":[{"start":{"line":1,"column":6983},"end":{"line":1,"column":6992}},{"start":{"line":1,"column":6994},"end":{"line":1,"column":7022}}],"line":1},"66":{"loc":{"start":{"line":1,"column":7130},"end":{"line":1,"column":7187}},"type":"cond-expr","locations":[{"start":{"line":1,"column":7172},"end":{"line":1,"column":7184}},{"start":{"line":1,"column":7185},"end":{"line":1,"column":7187}}],"line":1},"67":{"loc":{"start":{"line":1,"column":7130},"end":{"line":1,"column":7171}},"type":"binary-expr","locations":[{"start":{"line":1,"column":7130},"end":{"line":1,"column":7148}},{"start":{"line":1,"column":7150},"end":{"line":1,"column":7171}}],"line":1},"68":{"loc":{"start":{"line":1,"column":7345},"end":{"line":1,"column":7413}},"type":"cond-expr","locations":[{"start":{"line":1,"column":7372},"end":{"line":1,"column":7376}},{"start":{"line":1,"column":7376},"end":{"line":1,"column":7413}}],"line":1},"69":{"loc":{"start":{"line":1,"column":7345},"end":{"line":1,"column":7371}},"type":"binary-expr","locations":[{"start":{"line":1,"column":7345},"end":{"line":1,"column":7356}},{"start":{"line":1,"column":7358},"end":{"line":1,"column":7371}}],"line":1},"70":{"loc":{"start":{"line":1,"column":7439},"end":{"line":1,"column":7538}},"type":"cond-expr","locations":[{"start":{"line":1,"column":7482},"end":{"line":1,"column":7494}},{"start":{"line":1,"column":7495},"end":{"line":1,"column":7538}}],"line":1},"71":{"loc":{"start":{"line":1,"column":7439},"end":{"line":1,"column":7481}},"type":"binary-expr","locations":[{"start":{"line":1,"column":7439},"end":{"line":1,"column":7458}},{"start":{"line":1,"column":7460},"end":{"line":1,"column":7481}}],"line":1},"72":{"loc":{"start":{"line":1,"column":7617},"end":{"line":1,"column":7760}},"type":"cond-expr","locations":[{"start":{"line":1,"column":7717},"end":{"line":1,"column":7718}},{"start":{"line":1,"column":7719},"end":{"line":1,"column":7760}}],"line":1},"73":{"loc":{"start":{"line":1,"column":7617},"end":{"line":1,"column":7716}},"type":"binary-expr","locations":[{"start":{"line":1,"column":7617},"end":{"line":1,"column":7704}},{"start":{"line":1,"column":7706},"end":{"line":1,"column":7716}}],"line":1},"74":{"loc":{"start":{"line":1,"column":7895},"end":{"line":1,"column":7995}},"type":"cond-expr","locations":[{"start":{"line":1,"column":7922},"end":{"line":1,"column":7926}},{"start":{"line":1,"column":7927},"end":{"line":1,"column":7995}}],"line":1},"75":{"loc":{"start":{"line":1,"column":7895},"end":{"line":1,"column":7921}},"type":"binary-expr","locations":[{"start":{"line":1,"column":7895},"end":{"line":1,"column":7906}},{"start":{"line":1,"column":7908},"end":{"line":1,"column":7921}}],"line":1},"76":{"loc":{"start":{"line":1,"column":7927},"end":{"line":1,"column":7995}},"type":"cond-expr","locations":[{"start":{"line":1,"column":7961},"end":{"line":1,"column":7972}},{"start":{"line":1,"column":7973},"end":{"line":1,"column":7995}}],"line":1},"77":{"loc":{"start":{"line":1,"column":8377},"end":{"line":1,"column":8637}},"type":"if","locations":[{"start":{"line":1,"column":8377},"end":{"line":1,"column":8637}},{"start":{"line":1,"column":8488},"end":{"line":1,"column":8637}}],"line":1},"78":{"loc":{"start":{"line":1,"column":8380},"end":{"line":1,"column":8432}},"type":"binary-expr","locations":[{"start":{"line":1,"column":8380},"end":{"line":1,"column":8405}},{"start":{"line":1,"column":8407},"end":{"line":1,"column":8432}}],"line":1},"79":{"loc":{"start":{"line":1,"column":8488},"end":{"line":1,"column":8637}},"type":"if","locations":[{"start":{"line":1,"column":8488},"end":{"line":1,"column":8637}},{"start":{"line":1,"column":8580},"end":{"line":1,"column":8637}}],"line":1},"80":{"loc":{"start":{"line":1,"column":8553},"end":{"line":1,"column":8573}},"type":"cond-expr","locations":[{"start":{"line":1,"column":8559},"end":{"line":1,"column":8565}},{"start":{"line":1,"column":8566},"end":{"line":1,"column":8573}}],"line":1},"81":{"loc":{"start":{"line":1,"column":8637},"end":{"line":1,"column":8698}},"type":"if","locations":[{"start":{"line":1,"column":8637},"end":{"line":1,"column":8698}},{"start":{},"end":{}}],"line":1},"82":{"loc":{"start":{"line":1,"column":8751},"end":{"line":1,"column":8808}},"type":"cond-expr","locations":[{"start":{"line":1,"column":8793},"end":{"line":1,"column":8805}},{"start":{"line":1,"column":8806},"end":{"line":1,"column":8808}}],"line":1},"83":{"loc":{"start":{"line":1,"column":8751},"end":{"line":1,"column":8792}},"type":"binary-expr","locations":[{"start":{"line":1,"column":8751},"end":{"line":1,"column":8769}},{"start":{"line":1,"column":8771},"end":{"line":1,"column":8792}}],"line":1},"84":{"loc":{"start":{"line":1,"column":8915},"end":{"line":1,"column":8999}},"type":"cond-expr","locations":[{"start":{"line":1,"column":8958},"end":{"line":1,"column":8970}},{"start":{"line":1,"column":8971},"end":{"line":1,"column":8999}}],"line":1},"85":{"loc":{"start":{"line":1,"column":8915},"end":{"line":1,"column":8957}},"type":"binary-expr","locations":[{"start":{"line":1,"column":8915},"end":{"line":1,"column":8934}},{"start":{"line":1,"column":8936},"end":{"line":1,"column":8957}}],"line":1},"86":{"loc":{"start":{"line":1,"column":9112},"end":{"line":1,"column":9215}},"type":"if","locations":[{"start":{"line":1,"column":9112},"end":{"line":1,"column":9215}},{"start":{},"end":{}}],"line":1},"87":{"loc":{"start":{"line":1,"column":9247},"end":{"line":1,"column":9399}},"type":"if","locations":[{"start":{"line":1,"column":9247},"end":{"line":1,"column":9399}},{"start":{},"end":{}}],"line":1},"88":{"loc":{"start":{"line":1,"column":9250},"end":{"line":1,"column":9345}},"type":"binary-expr","locations":[{"start":{"line":1,"column":9250},"end":{"line":1,"column":9262}},{"start":{"line":1,"column":9264},"end":{"line":1,"column":9345}}],"line":1},"89":{"loc":{"start":{"line":1,"column":9265},"end":{"line":1,"column":9333}},"type":"cond-expr","locations":[{"start":{"line":1,"column":9299},"end":{"line":1,"column":9310}},{"start":{"line":1,"column":9311},"end":{"line":1,"column":9333}}],"line":1},"90":{"loc":{"start":{"line":1,"column":9584},"end":{"line":1,"column":9679}},"type":"if","locations":[{"start":{"line":1,"column":9584},"end":{"line":1,"column":9679}},{"start":{},"end":{}}],"line":1},"91":{"loc":{"start":{"line":1,"column":9707},"end":{"line":1,"column":9843}},"type":"if","locations":[{"start":{"line":1,"column":9707},"end":{"line":1,"column":9843}},{"start":{},"end":{}}],"line":1},"92":{"loc":{"start":{"line":1,"column":9710},"end":{"line":1,"column":9793}},"type":"binary-expr","locations":[{"start":{"line":1,"column":9710},"end":{"line":1,"column":9718}},{"start":{"line":1,"column":9720},"end":{"line":1,"column":9793}}],"line":1},"93":{"loc":{"start":{"line":1,"column":9721},"end":{"line":1,"column":9781}},"type":"cond-expr","locations":[{"start":{"line":1,"column":9751},"end":{"line":1,"column":9762}},{"start":{"line":1,"column":9763},"end":{"line":1,"column":9781}}],"line":1},"94":{"loc":{"start":{"line":1,"column":10180},"end":{"line":1,"column":10237}},"type":"cond-expr","locations":[{"start":{"line":1,"column":10222},"end":{"line":1,"column":10234}},{"start":{"line":1,"column":10235},"end":{"line":1,"column":10237}}],"line":1},"95":{"loc":{"start":{"line":1,"column":10180},"end":{"line":1,"column":10221}},"type":"binary-expr","locations":[{"start":{"line":1,"column":10180},"end":{"line":1,"column":10198}},{"start":{"line":1,"column":10200},"end":{"line":1,"column":10221}}],"line":1},"96":{"loc":{"start":{"line":1,"column":10303},"end":{"line":1,"column":10413}},"type":"cond-expr","locations":[{"start":{"line":1,"column":10363},"end":{"line":1,"column":10376}},{"start":{"line":1,"column":10376},"end":{"line":1,"column":10413}}],"line":1},"97":{"loc":{"start":{"line":1,"column":10303},"end":{"line":1,"column":10362}},"type":"binary-expr","locations":[{"start":{"line":1,"column":10303},"end":{"line":1,"column":10338}},{"start":{"line":1,"column":10340},"end":{"line":1,"column":10362}}],"line":1}},"s":{"0":3,"1":3,"2":3,"3":3,"4":3,"5":0,"6":0,"7":3,"8":3,"9":0,"10":0,"11":0,"12":3,"13":3,"14":3,"15":0,"16":1,"17":1,"18":3,"19":3,"20":3,"21":3,"22":3,"23":3,"24":1,"25":1,"26":1,"27":0,"28":0,"29":3,"30":3,"31":0,"32":3,"33":1,"34":0,"35":1,"36":1,"37":0,"38":1,"39":1,"40":1,"41":1,"42":1,"43":0,"44":0,"45":0,"46":0,"47":3,"48":3,"49":0,"50":1,"51":0,"52":0,"53":1,"54":3,"55":15,"56":15,"57":0,"58":0,"59":0,"60":0,"61":0,"62":0,"63":0,"64":0,"65":0,"66":0,"67":0,"68":1,"69":1,"70":1,"71":3,"72":1,"73":1,"74":11,"75":11,"76":11,"77":5,"78":0,"79":5,"80":5,"81":0,"82":0,"83":1,"84":2,"85":2,"86":2,"87":2,"88":2,"89":2,"90":0,"91":0,"92":0,"93":0,"94":0,"95":1,"96":1,"97":1,"98":1,"99":1,"100":1,"101":1,"102":1,"103":1,"104":1,"105":0,"106":1,"107":1,"108":1,"109":1,"110":3,"111":3,"112":3,"113":3,"114":0,"115":3,"116":3,"117":3,"118":3,"119":3,"120":3,"121":3,"122":3,"123":3,"124":3,"125":3,"126":3,"127":3,"128":3,"129":3,"130":1,"131":1,"132":1,"133":1,"134":1,"135":2,"136":1,"137":1,"138":3,"139":1,"140":1,"141":1,"142":1,"143":3,"144":3,"145":3,"146":3,"147":3,"148":3,"149":3,"150":3,"151":3,"152":3,"153":3,"154":3,"155":9,"156":9,"157":9,"158":9,"159":9,"160":9,"161":1,"162":1,"163":1,"164":1,"165":1,"166":1,"167":1,"168":1,"169":0,"170":0,"171":0,"172":0,"173":1,"174":1,"175":1,"176":1,"177":1,"178":1,"179":1,"180":3,"181":3,"182":3,"183":3,"184":3,"185":3,"186":3,"187":3,"188":3,"189":3,"190":0,"191":0,"192":0,"193":0,"194":0,"195":0,"196":0,"197":0,"198":0,"199":0,"200":0,"201":1,"202":4,"203":4,"204":12,"205":12,"206":12,"207":12,"208":1,"209":1,"210":1,"211":1,"212":1,"213":3,"214":3,"215":3,"216":3},"f":{"0":3,"1":3,"2":3,"3":0,"4":3,"5":3,"6":1,"7":3,"8":3,"9":0,"10":1,"11":1,"12":0,"13":0,"14":3,"15":1,"16":0,"17":3,"18":15,"19":15,"20":1,"21":0,"22":3,"23":11,"24":2,"25":1,"26":1,"27":1,"28":3,"29":1,"30":3,"31":1,"32":3,"33":1,"34":2,"35":3,"36":3,"37":3,"38":3,"39":9,"40":3,"41":3,"42":1,"43":1,"44":1,"45":1,"46":3,"47":3,"48":1,"49":1,"50":0,"51":0,"52":4,"53":4,"54":12,"55":12,"56":1,"57":1,"58":3,"59":3},"b":{"0":[3,0],"1":[3,0],"2":[3,0],"3":[0,0],"4":[3,0],"5":[3,0],"6":[0,3],"7":[3,3],"8":[3,0],"9":[1,0],"10":[0,1],"11":[3,0],"12":[1,0],"13":[0,0],"14":[0,1],"15":[1,0],"16":[1,1],"17":[1,0],"18":[1,0],"19":[1,1,1],"20":[0,0],"21":[0,0,0],"22":[3,0],"23":[3,3,0],"24":[1,0],"25":[3,0,0,0],"26":[0,15],"27":[15,12,12],"28":[0,0],"29":[0,0],"30":[0,0],"31":[0,0],"32":[0,0],"33":[0,0],"34":[0,0],"35":[0,0],"36":[11,0],"37":[5,6],"38":[0,5],"39":[5,0],"40":[0,0],"41":[0,0],"42":[0,0],"43":[0,0],"44":[0,0],"45":[2,0],"46":[2,2],"47":[2,0],"48":[0,0],"49":[0,0],"50":[0,0],"51":[0,0],"52":[0,0],"53":[0,1],"54":[0,1],"55":[0,1],"56":[0,3],"57":[3,3],"58":[0,3],"59":[3,3],"60":[1,0],"61":[0,1],"62":[1,1],"63":[1,0],"64":[1,0],"65":[1,1],"66":[0,3],"67":[3,0],"68":[0,3],"69":[3,3],"70":[0,3],"71":[3,3],"72":[2,1],"73":[3,3],"74":[0,9],"75":[9,9],"76":[0,9],"77":[1,0],"78":[1,1],"79":[0,0],"80":[0,0],"81":[1,-1],"82":[0,1],"83":[1,0],"84":[0,1],"85":[1,1],"86":[3,0],"87":[3,0],"88":[3,3],"89":[0,3],"90":[0,0],"91":[0,0],"92":[0,0],"93":[0,0],"94":[0,1],"95":[1,0],"96":[0,1],"97":[1,1]},"meta":{"lastBranch":98,"lastFunction":60,"lastStatement":217,"seen":{"f:1:9:1:29":0,"b:1:39:1:83:undefined:undefined:undefined:undefined":0,"s:1:39:1:83":0,"b:1:42:1:51:1:53:1:67":1,"s:1:68:1:83":1,"s:1:83:1:140":2,"s:1:93:1:94":3,"s:1:100:1:114":4,"s:1:125:1:140":5,"s:1:140:1:151":6,"f:1:161:1:181":1,"b:1:187:1:241:undefined:undefined:undefined:undefined":2,"s:1:187:1:241":7,"s:1:209:1:241":8,"f:1:251:1:275":2,"b:1:282:1:386:undefined:undefined:undefined:undefined":3,"s:1:282:1:386":9,"s:1:300:1:385":10,"s:1:386:1:397":11,"f:1:407:1:418":3,"s:1:439:1:474":12,"s:1:474:1:646":13,"b:1:547:1:619:1:620:1:645":4,"b:1:573:1:577:1:579:1:581":5,"f:1:656:1:673":4,"b:1:696:1:792:undefined:undefined:undefined:undefined":6,"s:1:696:1:792":14,"s:1:735:1:791":15,"f:1:802:1:819":5,"s:1:834:1:1075":16,"s:1:844:1:845":17,"s:1:881:1:889":18,"s:1:890:1:941":19,"b:1:912:1:933:1:935:1:940":7,"s:1:941:1:970":20,"b:1:970:1:1019:undefined:undefined:undefined:undefined":8,"s:1:970:1:1019":21,"s:1:994:1:1019":22,"s:1:1019:1:1074":23,"f:1:1085:1:1098":6,"b:1:1135:1:1201:undefined:undefined:undefined:undefined":9,"s:1:1135:1:1201":24,"s:1:1149:1:1201":25,"b:1:1201:1:1259:undefined:undefined:undefined:undefined":10,"s:1:1201:1:1259":26,"s:1:1216:1:1259":27,"s:1:1259:1:1277":28,"f:1:1287:1:1303":7,"b:1:1319:1:1447:1:1431:1:1447":11,"s:1:1319:1:1447":29,"s:1:1334:1:1426":30,"s:1:1432:1:1446":31,"s:1:1447:1:1457":32,"f:1:1467:1:1484":8,"s:1:1488:1:1623":33,"b:1:1528:1:1549:1:1550:1:1622":12,"f:1:1559:1:1573":9,"s:1:1577:1:1621":34,"b:1:1584:1:1595:1:1597:1:1621":13,"s:1:1623:1:1650":35,"f:1:1660:1:1669":10,"b:1:1691:1:1819:undefined:undefined:undefined:undefined":14,"s:1:1691:1:1819":36,"b:1:1694:1:1724:1:1726:1:1743":15,"s:1:1745:1:1818":37,"s:1:1819:1:1949":38,"b:1:1852:1:1862:1:1864:1:1884":16,"b:1:1949:1:2001:undefined:undefined:undefined:undefined":17,"s:1:1949:1:2001":39,"s:1:1963:1:2001":40,"f:1:2011:1:2022":11,"b:1:2035:1:2181:1:2151:1:2181":18,"s:1:2035:1:2181":41,"b:1:2038:1:2049:1:2051:1:2078:1:2080:1:2105":19,"s:1:2107:1:2146":42,"s:1:2152:1:2180":43,"f:1:2191:1:2209":12,"b:1:2216:1:2325:undefined:undefined:undefined:undefined":20,"s:1:2216:1:2325":44,"b:1:2219:1:2246:1:2248:1:2275:1:2277:1:2301":21,"s:1:2302:1:2325":45,"f:1:2335:1:2355":13,"s:1:2358:1:2514":46,"f:1:2524:1:2552":14,"b:1:2564:1:2640:undefined:undefined:undefined:undefined":22,"s:1:2564:1:2640":47,"b:1:2567:1:2571:1:2574:1:2599:1:2601:1:2625":23,"s:1:2628:1:2639":48,"s:1:2640:1:2677":49,"f:1:2687:1:2704":15,"s:1:2710:1:2804":50,"b:1:2728:1:2749:1:2751:1:2803":24,"f:1:2760:1:2774":16,"s:1:2780:1:2794":51,"s:1:2794:1:2802":52,"s:1:2804:1:2833":53,"f:1:2843:1:2863":17,"s:1:2869:1:2987":54,"b:1:2876:1:2901:1:2903:1:2926:1:2928:1:2963:1:2965:1:2987":25,"f:1:2997:1:3005":18,"s:1:3011:1:3035":55,"s:1:3035:1:3120":56,"b:1:3101:1:3109:1:3110:1:3120":26,"b:1:3042:1:3045:1:3047:1:3074:1:3076:1:3100":27,"f:1:3130:1:3160":19,"b:1:3171:1:3184:undefined:undefined:undefined:undefined":28,"s:1:3171:1:3184":57,"s:1:3177:1:3184":58,"b:1:3184:1:3245:undefined:undefined:undefined:undefined":29,"s:1:3184:1:3245":59,"s:1:3207:1:3245":60,"s:1:3251:1:3296":61,"b:1:3297:1:3349:undefined:undefined:undefined:undefined":30,"s:1:3297:1:3349":62,"b:1:3300:1:3312:1:3314:1:3327":31,"s:1:3328:1:3349":63,"b:1:3349:1:3394:undefined:undefined:undefined:undefined":32,"s:1:3349:1:3394":64,"b:1:3352:1:3361:1:3363:1:3372":33,"s:1:3373:1:3394":65,"b:1:3394:1:3502:undefined:undefined:undefined:undefined":34,"s:1:3394:1:3502":66,"b:1:3397:1:3412:1:3414:1:3464":35,"s:1:3465:1:3502":67,"f:1:3512:1:3540":20,"s:1:3543:1:3644":68,"s:1:3558:1:3633":69,"f:1:3619:1:3627":21,"s:1:3644:1:3709":70,"f:1:3680:1:3688":22,"s:1:3691:1:3705":71,"s:1:3886:1:3914":72,"s:1:3927:1:4441":73,"f:1:3927:1:3935":23,"b:1:3973:1:4440:undefined:undefined:undefined:undefined":36,"s:1:3973:1:4440":74,"s:1:3999:1:4021":75,"b:1:4022:1:4439:undefined:undefined:undefined:undefined":37,"s:1:4022:1:4439":76,"b:1:4045:1:4438:1:4116:1:4438":38,"s:1:4045:1:4438":77,"s:1:4075:1:4110":78,"b:1:4116:1:4438:1:4189:1:4438":39,"s:1:4116:1:4438":79,"s:1:4146:1:4183":80,"b:1:4189:1:4438:undefined:undefined:undefined:undefined":40,"s:1:4189:1:4438":81,"s:1:4220:1:4437":82,"b:1:4264:1:4318:1:4319:1:4336":41,"b:1:4264:1:4277:1:4279:1:4318":42,"b:1:4364:1:4418:1:4419:1:4436":43,"b:1:4364:1:4377:1:4379:1:4418":44,"s:1:4459:1:4836":83,"f:1:4459:1:4467":24,"s:1:4492:1:4502":84,"s:1:4508:1:4518":85,"s:1:4529:1:4555":86,"b:1:4556:1:4835:undefined:undefined:undefined:undefined":45,"s:1:4556:1:4835":87,"b:1:4559:1:4576:1:4578:1:4590":46,"b:1:4592:1:4834:1:4629:1:4834":47,"s:1:4592:1:4834":88,"s:1:4611:1:4624":89,"b:1:4629:1:4834:1:4666:1:4834":48,"s:1:4629:1:4834":90,"s:1:4648:1:4661":91,"b:1:4666:1:4834:1:4778:1:4834":49,"s:1:4666:1:4834":92,"s:1:4687:1:4772":93,"b:1:4694:1:4704:1:4706:1:4772":50,"b:1:4736:1:4742:1:4743:1:4762":51,"b:1:4707:1:4719:1:4721:1:4735":52,"s:1:4778:1:4834":94,"s:1:4862:1:7089":95,"f:1:4862:1:4870":25,"s:1:4890:1:4903":96,"s:1:4909:1:4919":97,"s:1:4931:1:4940":98,"s:1:4945:1:4978":99,"b:1:4965:1:4967:1:4968:1:4978":53,"s:1:4987:1:5000":100,"s:1:5001:1:7088":101,"f:1:5008:1:5016":26,"s:1:5055:1:5091":102,"s:1:5107:1:5149":103,"b:1:5134:1:5144:1:5145:1:5149":54,"b:1:5150:1:5187:undefined:undefined:undefined:undefined":55,"s:1:5150:1:5187":104,"s:1:5165:1:5187":105,"s:1:5200:1:5234":106,"s:1:5235:1:5306":107,"s:1:5332:1:6908":108,"f:1:5332:1:5340":27,"s:1:5369:1:5403":109,"f:1:5412:1:5420":28,"s:1:5423:1:5526":110,"s:1:5436:1:5452":111,"s:1:5458:1:5473":112,"s:1:5479:1:5480":113,"s:1:5499:1:5525":114,"s:1:5526:1:5559":115,"s:1:5569:1:5673":116,"s:1:5673:1:5706":117,"s:1:5706:1:5759":118,"s:1:5759:1:5822":119,"s:1:5822:1:5834":120,"s:1:5835:1:6877":121,"f:1:5884:1:5889":29,"s:1:5929:1:5933":122,"s:1:5934:1:6117":123,"f:1:5949:1:5957":30,"s:1:5995:1:6000":124,"s:1:6001:1:6115":125,"b:1:6076:1:6082:1:6083:1:6115":56,"b:1:6001:1:6046:1:6048:1:6075":57,"f:1:6148:1:6153":31,"s:1:6196:1:6200":126,"s:1:6201:1:6399":127,"f:1:6216:1:6224":32,"s:1:6265:1:6270":128,"s:1:6271:1:6397":129,"b:1:6355:1:6361:1:6362:1:6397":58,"b:1:6271:1:6322:1:6324:1:6354":59,"f:1:6434:1:6439":33,"s:1:6519:1:6523":130,"b:1:6524:1:6753:undefined:undefined:undefined:undefined":60,"s:1:6524:1:6753":131,"s:1:6578:1:6752":132,"b:1:6674:1:6680:1:6681:1:6752":61,"b:1:6578:1:6637:1:6639:1:6673":62,"b:1:6753:1:6872:undefined:undefined:undefined:undefined":63,"s:1:6753:1:6872":133,"s:1:6777:1:6871":134,"f:1:6801:1:6809":34,"s:1:6813:1:6842":135,"s:1:6877:1:6892":136,"s:1:6909:1:6980":137,"f:1:6952:1:6960":35,"s:1:6964:1:6977":138,"b:1:6980:1:7072:undefined:undefined:undefined:undefined":64,"s:1:6980:1:7072":139,"b:1:6983:1:6992:1:6994:1:7022":65,"s:1:7024:1:7071":140,"s:1:7072:1:7087":141,"s:1:7110:1:8704":142,"f:1:7110:1:7118":36,"s:1:7130:1:7187":143,"b:1:7172:1:7184:1:7185:1:7187":66,"b:1:7130:1:7148:1:7150:1:7171":67,"s:1:7193:1:7202":144,"s:1:7208:1:7217":145,"s:1:7231:1:7248":146,"s:1:7249:1:8703":147,"f:1:7256:1:7264":37,"s:1:7345:1:7413":148,"b:1:7372:1:7376:1:7376:1:7413":68,"b:1:7345:1:7356:1:7358:1:7371":69,"s:1:7439:1:7538":149,"b:1:7482:1:7494:1:7495:1:7538":70,"b:1:7439:1:7458:1:7460:1:7481":71,"s:1:7553:1:7616":150,"s:1:7617:1:7761":151,"b:1:7717:1:7718:1:7719:1:7760":72,"b:1:7617:1:7704:1:7706:1:7716":73,"s:1:7776:1:7812":152,"s:1:7813:1:7840":153,"s:1:7840:1:8702":154,"f:1:7847:1:7851":38,"s:1:7880:1:7996":155,"b:1:7922:1:7926:1:7927:1:7995":74,"b:1:7895:1:7906:1:7908:1:7921":75,"b:1:7961:1:7972:1:7973:1:7995":76,"s:1:8008:1:8012":156,"s:1:8013:1:8071":157,"s:1:8071:1:8152":158,"f:1:8086:1:8094":39,"s:1:8097:1:8149":159,"s:1:8152:1:8171":160,"f:1:8173:1:8176":40,"s:1:8204:1:8208":161,"s:1:8209:1:8247":162,"f:1:8249:1:8252":41,"s:1:8283:1:8287":163,"s:1:8288:1:8700":164,"f:1:8303:1:8311":42,"s:1:8326:1:8331":165,"s:1:8345:1:8376":166,"b:1:8377:1:8637:1:8488:1:8637":77,"s:1:8377:1:8637":167,"b:1:8380:1:8405:1:8407:1:8432":78,"s:1:8434:1:8482":168,"b:1:8488:1:8637:1:8580:1:8637":79,"s:1:8488:1:8637":169,"s:1:8519:1:8574":170,"b:1:8559:1:8565:1:8566:1:8573":80,"s:1:8580:1:8637":171,"b:1:8637:1:8698:undefined:undefined:undefined:undefined":81,"s:1:8637:1:8698":172,"s:1:8657:1:8698":173,"s:1:8722:1:9897":174,"f:1:8722:1:8730":43,"s:1:8750:1:8822":175,"b:1:8793:1:8805:1:8806:1:8808":82,"b:1:8751:1:8769:1:8771:1:8792":83,"s:1:8823:1:9896":176,"f:1:8830:1:8838":44,"s:1:8870:1:8893":177,"s:1:8915:1:8999":178,"b:1:8958:1:8970:1:8971:1:8999":84,"b:1:8915:1:8934:1:8936:1:8957":85,"s:1:9000:1:9895":179,"f:1:9007:1:9011":45,"s:1:9052:1:9056":180,"s:1:9075:1:9218":181,"f:1:9075:1:9083":46,"s:1:9086:1:9217":182,"f:1:9101:1:9109":47,"b:1:9112:1:9215:undefined:undefined:undefined:undefined":86,"s:1:9112:1:9215":183,"s:1:9162:1:9214":184,"s:1:9234:1:9246":185,"b:1:9247:1:9399:undefined:undefined:undefined:undefined":87,"s:1:9247:1:9399":186,"b:1:9250:1:9262:1:9264:1:9345":88,"b:1:9299:1:9310:1:9311:1:9333":89,"s:1:9347:1:9398":187,"s:1:9399:1:9415":188,"s:1:9415:1:9432":189,"f:1:9434:1:9437":48,"s:1:9453:1:9483":190,"f:1:9485:1:9488":49,"s:1:9524:1:9528":191,"s:1:9547:1:9682":192,"f:1:9547:1:9555":50,"s:1:9558:1:9681":193,"f:1:9573:1:9581":51,"b:1:9584:1:9679:undefined:undefined:undefined:undefined":90,"s:1:9584:1:9679":194,"s:1:9634:1:9678":195,"s:1:9698:1:9706":196,"b:1:9707:1:9843:undefined:undefined:undefined:undefined":91,"s:1:9707:1:9843":197,"b:1:9710:1:9718:1:9720:1:9793":92,"b:1:9751:1:9762:1:9763:1:9781":93,"s:1:9795:1:9842":198,"s:1:9843:1:9878":199,"s:1:9878:1:9893":200,"s:1:9913:1:10139":201,"f:1:9913:1:9921":52,"s:1:9932:1:10138":202,"f:1:9939:1:9947":53,"s:1:9965:1:10137":203,"f:1:9988:1:9996":54,"s:1:10009:1:10013":204,"s:1:10014:1:10135":205,"f:1:10029:1:10037":55,"s:1:10052:1:10057":206,"s:1:10058:1:10133":207,"s:1:10157:1:10581":208,"f:1:10157:1:10165":56,"s:1:10180:1:10237":209,"b:1:10222:1:10234:1:10235:1:10237":94,"b:1:10180:1:10198:1:10200:1:10221":95,"s:1:10238:1:10580":210,"f:1:10245:1:10253":57,"s:1:10303:1:10413":211,"b:1:10363:1:10376:1:10376:1:10413":96,"b:1:10303:1:10338:1:10340:1:10362":97,"s:1:10414:1:10579":212,"f:1:10437:1:10445":58,"s:1:10458:1:10462":213,"s:1:10463:1:10577":214,"f:1:10478:1:10486":59,"s:1:10501:1:10506":215,"s:1:10507:1:10575":216}}}
,"/data/data/com.termux.nix/files/home/projects/zui/src/lib/dom.ts": {"path":"/data/data/com.termux.nix/files/home/projects/zui/src/lib/dom.ts","statementMap":{"0":{"start":{"line":1,"column":39},"end":{"line":1,"column":83}},"1":{"start":{"line":1,"column":68},"end":{"line":1,"column":83}},"2":{"start":{"line":1,"column":83},"end":{"line":1,"column":140}},"3":{"start":{"line":1,"column":93},"end":{"line":1,"column":94}},"4":{"start":{"line":1,"column":100},"end":{"line":1,"column":114}},"5":{"start":{"line":1,"column":125},"end":{"line":1,"column":140}},"6":{"start":{"line":1,"column":140},"end":{"line":1,"column":151}},"7":{"start":{"line":1,"column":184},"end":{"line":1,"column":216}},"8":{"start":{"line":1,"column":206},"end":{"line":1,"column":216}},"9":{"start":{"line":1,"column":250},"end":{"line":1,"column":396}},"10":{"start":{"line":1,"column":322},"end":{"line":1,"column":361}},"11":{"start":{"line":1,"column":367},"end":{"line":1,"column":395}},"12":{"start":{"line":1,"column":445},"end":{"line":1,"column":528}},"13":{"start":{"line":1,"column":529},"end":{"line":1,"column":548}},"14":{"start":{"line":1,"column":541},"end":{"line":1,"column":548}},"15":{"start":{"line":1,"column":557},"end":{"line":1,"column":559}},"16":{"start":{"line":1,"column":567},"end":{"line":1,"column":571}},"17":{"start":{"line":1,"column":579},"end":{"line":1,"column":584}},"18":{"start":{"line":1,"column":595},"end":{"line":1,"column":807}},"19":{"start":{"line":1,"column":599},"end":{"line":1,"column":702}},"20":{"start":{"line":1,"column":654},"end":{"line":1,"column":674}},"21":{"start":{"line":1,"column":674},"end":{"line":1,"column":701}},"22":{"start":{"line":1,"column":696},"end":{"line":1,"column":701}},"23":{"start":{"line":1,"column":714},"end":{"line":1,"column":722}},"24":{"start":{"line":1,"column":722},"end":{"line":1,"column":728}},"25":{"start":{"line":1,"column":737},"end":{"line":1,"column":806}},"26":{"start":{"line":1,"column":741},"end":{"line":1,"column":782}},"27":{"start":{"line":1,"column":768},"end":{"line":1,"column":782}},"28":{"start":{"line":1,"column":791},"end":{"line":1,"column":805}},"29":{"start":{"line":1,"column":797},"end":{"line":1,"column":805}},"30":{"start":{"line":1,"column":807},"end":{"line":1,"column":818}},"31":{"start":{"line":1,"column":849},"end":{"line":1,"column":1010}},"32":{"start":{"line":1,"column":1044},"end":{"line":1,"column":1167}},"33":{"start":{"line":1,"column":1218},"end":{"line":1,"column":1231}},"34":{"start":{"line":1,"column":1224},"end":{"line":1,"column":1231}},"35":{"start":{"line":1,"column":1231},"end":{"line":1,"column":1292}},"36":{"start":{"line":1,"column":1254},"end":{"line":1,"column":1292}},"37":{"start":{"line":1,"column":1298},"end":{"line":1,"column":1343}},"38":{"start":{"line":1,"column":1344},"end":{"line":1,"column":1396}},"39":{"start":{"line":1,"column":1375},"end":{"line":1,"column":1396}},"40":{"start":{"line":1,"column":1396},"end":{"line":1,"column":1441}},"41":{"start":{"line":1,"column":1420},"end":{"line":1,"column":1441}},"42":{"start":{"line":1,"column":1441},"end":{"line":1,"column":1549}},"43":{"start":{"line":1,"column":1512},"end":{"line":1,"column":1549}},"44":{"start":{"line":1,"column":1575},"end":{"line":1,"column":2246}},"45":{"start":{"line":1,"column":1604},"end":{"line":1,"column":1661}},"46":{"start":{"line":1,"column":1671},"end":{"line":1,"column":1709}},"47":{"start":{"line":1,"column":1722},"end":{"line":1,"column":1753}},"48":{"start":{"line":1,"column":1754},"end":{"line":1,"column":1932}},"49":{"start":{"line":1,"column":1812},"end":{"line":1,"column":1837}},"50":{"start":{"line":1,"column":1842},"end":{"line":1,"column":1851}},"51":{"start":{"line":1,"column":1858},"end":{"line":1,"column":1867}},"52":{"start":{"line":1,"column":1868},"end":{"line":1,"column":1929}},"53":{"start":{"line":1,"column":1904},"end":{"line":1,"column":1928}},"54":{"start":{"line":1,"column":1932},"end":{"line":1,"column":2231}},"55":{"start":{"line":1,"column":1955},"end":{"line":1,"column":1998}},"56":{"start":{"line":1,"column":1999},"end":{"line":1,"column":2230}},"57":{"start":{"line":1,"column":2029},"end":{"line":1,"column":2228}},"58":{"start":{"line":1,"column":2108},"end":{"line":1,"column":2167}},"59":{"start":{"line":1,"column":2173},"end":{"line":1,"column":2228}},"60":{"start":{"line":1,"column":2201},"end":{"line":1,"column":2227}},"61":{"start":{"line":1,"column":2231},"end":{"line":1,"column":2245}}},"fnMap":{"0":{"name":"_array_like_to_array","decl":{"start":{"line":1,"column":9},"end":{"line":1,"column":29}},"loc":{"start":{"line":1,"column":38},"end":{"line":1,"column":152}},"line":1},"1":{"name":"_array_with_holes","decl":{"start":{"line":1,"column":161},"end":{"line":1,"column":178}},"loc":{"start":{"line":1,"column":183},"end":{"line":1,"column":217}},"line":1},"2":{"name":"_instanceof","decl":{"start":{"line":1,"column":226},"end":{"line":1,"column":237}},"loc":{"start":{"line":1,"column":249},"end":{"line":1,"column":397}},"line":1},"3":{"name":"_iterable_to_array_limit","decl":{"start":{"line":1,"column":406},"end":{"line":1,"column":430}},"loc":{"start":{"line":1,"column":437},"end":{"line":1,"column":819}},"line":1},"4":{"name":"_non_iterable_rest","decl":{"start":{"line":1,"column":828},"end":{"line":1,"column":846}},"loc":{"start":{"line":1,"column":848},"end":{"line":1,"column":1011}},"line":1},"5":{"name":"_sliced_to_array","decl":{"start":{"line":1,"column":1020},"end":{"line":1,"column":1036}},"loc":{"start":{"line":1,"column":1043},"end":{"line":1,"column":1168}},"line":1},"6":{"name":"_unsupported_iterable_to_array","decl":{"start":{"line":1,"column":1177},"end":{"line":1,"column":1207}},"loc":{"start":{"line":1,"column":1217},"end":{"line":1,"column":1557}},"line":1},"7":{"name":"(anonymous_7)","decl":{"start":{"line":1,"column":1575},"end":{"line":1,"column":1583}},"loc":{"start":{"line":1,"column":1592},"end":{"line":1,"column":2246}},"line":1},"8":{"name":"(anonymous_8)","decl":{"start":{"line":1,"column":1785},"end":{"line":1,"column":1793}},"loc":{"start":{"line":1,"column":1800},"end":{"line":1,"column":1930}},"line":1},"9":{"name":"(anonymous_9)","decl":{"start":{"line":1,"column":2013},"end":{"line":1,"column":2021}},"loc":{"start":{"line":1,"column":2028},"end":{"line":1,"column":2229}},"line":1}},"branchMap":{"0":{"loc":{"start":{"line":1,"column":39},"end":{"line":1,"column":83}},"type":"if","locations":[{"start":{"line":1,"column":39},"end":{"line":1,"column":83}},{"start":{},"end":{}}],"line":1},"1":{"loc":{"start":{"line":1,"column":42},"end":{"line":1,"column":67}},"type":"binary-expr","locations":[{"start":{"line":1,"column":42},"end":{"line":1,"column":51}},{"start":{"line":1,"column":53},"end":{"line":1,"column":67}}],"line":1},"2":{"loc":{"start":{"line":1,"column":184},"end":{"line":1,"column":216}},"type":"if","locations":[{"start":{"line":1,"column":184},"end":{"line":1,"column":216}},{"start":{},"end":{}}],"line":1},"3":{"loc":{"start":{"line":1,"column":250},"end":{"line":1,"column":396}},"type":"if","locations":[{"start":{"line":1,"column":250},"end":{"line":1,"column":396}},{"start":{"line":1,"column":366},"end":{"line":1,"column":396}}],"line":1},"4":{"loc":{"start":{"line":1,"column":253},"end":{"line":1,"column":320}},"type":"binary-expr","locations":[{"start":{"line":1,"column":253},"end":{"line":1,"column":264}},{"start":{"line":1,"column":266},"end":{"line":1,"column":293}},{"start":{"line":1,"column":295},"end":{"line":1,"column":320}}],"line":1},"5":{"loc":{"start":{"line":1,"column":445},"end":{"line":1,"column":528}},"type":"cond-expr","locations":[{"start":{"line":1,"column":455},"end":{"line":1,"column":459}},{"start":{"line":1,"column":460},"end":{"line":1,"column":528}}],"line":1},"6":{"loc":{"start":{"line":1,"column":460},"end":{"line":1,"column":528}},"type":"binary-expr","locations":[{"start":{"line":1,"column":460},"end":{"line":1,"column":487}},{"start":{"line":1,"column":489},"end":{"line":1,"column":509}},{"start":{"line":1,"column":511},"end":{"line":1,"column":528}}],"line":1},"7":{"loc":{"start":{"line":1,"column":529},"end":{"line":1,"column":548}},"type":"if","locations":[{"start":{"line":1,"column":529},"end":{"line":1,"column":548}},{"start":{},"end":{}}],"line":1},"8":{"loc":{"start":{"line":1,"column":674},"end":{"line":1,"column":701}},"type":"if","locations":[{"start":{"line":1,"column":674},"end":{"line":1,"column":701}},{"start":{},"end":{}}],"line":1},"9":{"loc":{"start":{"line":1,"column":677},"end":{"line":1,"column":695}},"type":"binary-expr","locations":[{"start":{"line":1,"column":677},"end":{"line":1,"column":678}},{"start":{"line":1,"column":680},"end":{"line":1,"column":695}}],"line":1},"10":{"loc":{"start":{"line":1,"column":741},"end":{"line":1,"column":782}},"type":"if","locations":[{"start":{"line":1,"column":741},"end":{"line":1,"column":782}},{"start":{},"end":{}}],"line":1},"11":{"loc":{"start":{"line":1,"column":744},"end":{"line":1,"column":767}},"type":"binary-expr","locations":[{"start":{"line":1,"column":744},"end":{"line":1,"column":747}},{"start":{"line":1,"column":749},"end":{"line":1,"column":767}}],"line":1},"12":{"loc":{"start":{"line":1,"column":791},"end":{"line":1,"column":805}},"type":"if","locations":[{"start":{"line":1,"column":791},"end":{"line":1,"column":805}},{"start":{},"end":{}}],"line":1},"13":{"loc":{"start":{"line":1,"column":1051},"end":{"line":1,"column":1167}},"type":"binary-expr","locations":[{"start":{"line":1,"column":1051},"end":{"line":1,"column":1073}},{"start":{"line":1,"column":1075},"end":{"line":1,"column":1106}},{"start":{"line":1,"column":1108},"end":{"line":1,"column":1145}},{"start":{"line":1,"column":1147},"end":{"line":1,"column":1167}}],"line":1},"14":{"loc":{"start":{"line":1,"column":1218},"end":{"line":1,"column":1231}},"type":"if","locations":[{"start":{"line":1,"column":1218},"end":{"line":1,"column":1231}},{"start":{},"end":{}}],"line":1},"15":{"loc":{"start":{"line":1,"column":1231},"end":{"line":1,"column":1292}},"type":"if","locations":[{"start":{"line":1,"column":1231},"end":{"line":1,"column":1292}},{"start":{},"end":{}}],"line":1},"16":{"loc":{"start":{"line":1,"column":1344},"end":{"line":1,"column":1396}},"type":"if","locations":[{"start":{"line":1,"column":1344},"end":{"line":1,"column":1396}},{"start":{},"end":{}}],"line":1},"17":{"loc":{"start":{"line":1,"column":1347},"end":{"line":1,"column":1374}},"type":"binary-expr","locations":[{"start":{"line":1,"column":1347},"end":{"line":1,"column":1359}},{"start":{"line":1,"column":1361},"end":{"line":1,"column":1374}}],"line":1},"18":{"loc":{"start":{"line":1,"column":1396},"end":{"line":1,"column":1441}},"type":"if","locations":[{"start":{"line":1,"column":1396},"end":{"line":1,"column":1441}},{"start":{},"end":{}}],"line":1},"19":{"loc":{"start":{"line":1,"column":1399},"end":{"line":1,"column":1419}},"type":"binary-expr","locations":[{"start":{"line":1,"column":1399},"end":{"line":1,"column":1408}},{"start":{"line":1,"column":1410},"end":{"line":1,"column":1419}}],"line":1},"20":{"loc":{"start":{"line":1,"column":1441},"end":{"line":1,"column":1549}},"type":"if","locations":[{"start":{"line":1,"column":1441},"end":{"line":1,"column":1549}},{"start":{},"end":{}}],"line":1},"21":{"loc":{"start":{"line":1,"column":1444},"end":{"line":1,"column":1511}},"type":"binary-expr","locations":[{"start":{"line":1,"column":1444},"end":{"line":1,"column":1459}},{"start":{"line":1,"column":1461},"end":{"line":1,"column":1511}}],"line":1},"22":{"loc":{"start":{"line":1,"column":1604},"end":{"line":1,"column":1661}},"type":"cond-expr","locations":[{"start":{"line":1,"column":1646},"end":{"line":1,"column":1658}},{"start":{"line":1,"column":1659},"end":{"line":1,"column":1661}}],"line":1},"23":{"loc":{"start":{"line":1,"column":1604},"end":{"line":1,"column":1645}},"type":"binary-expr","locations":[{"start":{"line":1,"column":1604},"end":{"line":1,"column":1622}},{"start":{"line":1,"column":1624},"end":{"line":1,"column":1645}}],"line":1},"24":{"loc":{"start":{"line":1,"column":1671},"end":{"line":1,"column":1709}},"type":"cond-expr","locations":[{"start":{"line":1,"column":1690},"end":{"line":1,"column":1702}},{"start":{"line":1,"column":1703},"end":{"line":1,"column":1709}}],"line":1},"25":{"loc":{"start":{"line":1,"column":1868},"end":{"line":1,"column":1929}},"type":"if","locations":[{"start":{"line":1,"column":1868},"end":{"line":1,"column":1929}},{"start":{},"end":{}}],"line":1},"26":{"loc":{"start":{"line":1,"column":1871},"end":{"line":1,"column":1902}},"type":"binary-expr","locations":[{"start":{"line":1,"column":1871},"end":{"line":1,"column":1888}},{"start":{"line":1,"column":1890},"end":{"line":1,"column":1902}}],"line":1},"27":{"loc":{"start":{"line":1,"column":1932},"end":{"line":1,"column":2231}},"type":"if","locations":[{"start":{"line":1,"column":1932},"end":{"line":1,"column":2231}},{"start":{},"end":{}}],"line":1},"28":{"loc":{"start":{"line":1,"column":1955},"end":{"line":1,"column":1998}},"type":"cond-expr","locations":[{"start":{"line":1,"column":1979},"end":{"line":1,"column":1987}},{"start":{"line":1,"column":1988},"end":{"line":1,"column":1998}}],"line":1},"29":{"loc":{"start":{"line":1,"column":2029},"end":{"line":1,"column":2228}},"type":"if","locations":[{"start":{"line":1,"column":2029},"end":{"line":1,"column":2228}},{"start":{"line":1,"column":2173},"end":{"line":1,"column":2228}}],"line":1},"30":{"loc":{"start":{"line":1,"column":2032},"end":{"line":1,"column":2106}},"type":"binary-expr","locations":[{"start":{"line":1,"column":2032},"end":{"line":1,"column":2055}},{"start":{"line":1,"column":2057},"end":{"line":1,"column":2080}},{"start":{"line":1,"column":2082},"end":{"line":1,"column":2106}}],"line":1},"31":{"loc":{"start":{"line":1,"column":2173},"end":{"line":1,"column":2228}},"type":"if","locations":[{"start":{"line":1,"column":2173},"end":{"line":1,"column":2228}},{"start":{},"end":{}}],"line":1}},"s":{"0":0,"1":0,"2":0,"3":0,"4":0,"5":0,"6":0,"7":0,"8":0,"9":0,"10":0,"11":0,"12":0,"13":0,"14":0,"15":0,"16":0,"17":0,"18":0,"19":0,"20":0,"21":0,"22":0,"23":0,"24":0,"25":0,"26":0,"27":0,"28":0,"29":0,"30":0,"31":0,"32":0,"33":0,"34":0,"35":0,"36":0,"37":0,"38":0,"39":0,"40":0,"41":0,"42":0,"43":0,"44":1,"45":0,"46":0,"47":0,"48":0,"49":0,"50":0,"51":0,"52":0,"53":0,"54":0,"55":0,"56":0,"57":0,"58":0,"59":0,"60":0,"61":0},"f":{"0":0,"1":0,"2":0,"3":0,"4":0,"5":0,"6":0,"7":0,"8":0,"9":0},"b":{"0":[0,0],"1":[0,0],"2":[0,0],"3":[0,0],"4":[0,0,0],"5":[0,0],"6":[0,0,0],"7":[0,0],"8":[0,0],"9":[0,0],"10":[0,0],"11":[0,0],"12":[0,0],"13":[0,0,0,0],"14":[0,0],"15":[0,0],"16":[0,0],"17":[0,0],"18":[0,0],"19":[0,0],"20":[0,0],"21":[0,0],"22":[0,0],"23":[0,0],"24":[0,0],"25":[0,0],"26":[0,0],"27":[0,0],"28":[0,0],"29":[0,0],"30":[0,0,0],"31":[0,0]},"meta":{"lastBranch":32,"lastFunction":10,"lastStatement":62,"seen":{"f:1:9:1:29":0,"b:1:39:1:83:undefined:undefined:undefined:undefined":0,"s:1:39:1:83":0,"b:1:42:1:51:1:53:1:67":1,"s:1:68:1:83":1,"s:1:83:1:140":2,"s:1:93:1:94":3,"s:1:100:1:114":4,"s:1:125:1:140":5,"s:1:140:1:151":6,"f:1:161:1:178":1,"b:1:184:1:216:undefined:undefined:undefined:undefined":2,"s:1:184:1:216":7,"s:1:206:1:216":8,"f:1:226:1:237":2,"b:1:250:1:396:1:366:1:396":3,"s:1:250:1:396":9,"b:1:253:1:264:1:266:1:293:1:295:1:320":4,"s:1:322:1:361":10,"s:1:367:1:395":11,"f:1:406:1:430":3,"s:1:445:1:528":12,"b:1:455:1:459:1:460:1:528":5,"b:1:460:1:487:1:489:1:509:1:511:1:528":6,"b:1:529:1:548:undefined:undefined:undefined:undefined":7,"s:1:529:1:548":13,"s:1:541:1:548":14,"s:1:557:1:559":15,"s:1:567:1:571":16,"s:1:579:1:584":17,"s:1:595:1:807":18,"s:1:599:1:702":19,"s:1:654:1:674":20,"b:1:674:1:701:undefined:undefined:undefined:undefined":8,"s:1:674:1:701":21,"b:1:677:1:678:1:680:1:695":9,"s:1:696:1:701":22,"s:1:714:1:722":23,"s:1:722:1:728":24,"s:1:737:1:806":25,"b:1:741:1:782:undefined:undefined:undefined:undefined":10,"s:1:741:1:782":26,"b:1:744:1:747:1:749:1:767":11,"s:1:768:1:782":27,"b:1:791:1:805:undefined:undefined:undefined:undefined":12,"s:1:791:1:805":28,"s:1:797:1:805
[...]
d":{"line":1,"column":691}},{"start":{"line":1,"column":693},"end":{"line":1,"column":698}}],"line":1},"5":{"loc":{"start":{"line":1,"column":728},"end":{"line":1,"column":777}},"type":"if","locations":[{"start":{"line":1,"column":728},"end":{"line":1,"column":777}},{"start":{},"end":{}}],"line":1},"6":{"loc":{"start":{"line":1,"column":893},"end":{"line":1,"column":959}},"type":"if","locations":[{"start":{"line":1,"column":893},"end":{"line":1,"column":959}},{"start":{},"end":{}}],"line":1},"7":{"loc":{"start":{"line":1,"column":959},"end":{"line":1,"column":1017}},"type":"if","locations":[{"start":{"line":1,"column":959},"end":{"line":1,"column":1017}},{"start":{},"end":{}}],"line":1},"8":{"loc":{"start":{"line":1,"column":1076},"end":{"line":1,"column":1374}},"type":"if","locations":[{"start":{"line":1,"column":1076},"end":{"line":1,"column":1374}},{"start":{"line":1,"column":1143},"end":{"line":1,"column":1374}}],"line":1},"9":{"loc":{"start":{"line":1,"column":1079},"end":{"line":1,"column":1120}},"type":"binary-expr","locations":[{"start":{"line":1,"column":1079},"end":{"line":1,"column":1107}},{"start":{"line":1,"column":1109},"end":{"line":1,"column":1120}}],"line":1},"10":{"loc":{"start":{"line":1,"column":1231},"end":{"line":1,"column":1247}},"type":"if","locations":[{"start":{"line":1,"column":1231},"end":{"line":1,"column":1247}},{"start":{},"end":{}}],"line":1},"11":{"loc":{"start":{"line":1,"column":1303},"end":{"line":1,"column":1355}},"type":"if","locations":[{"start":{"line":1,"column":1303},"end":{"line":1,"column":1355}},{"start":{},"end":{}}],"line":1},"12":{"loc":{"start":{"line":1,"column":1337},"end":{"line":1,"column":1353}},"type":"binary-expr","locations":[{"start":{"line":1,"column":1337},"end":{"line":1,"column":1345}},{"start":{"line":1,"column":1347},"end":{"line":1,"column":1353}}],"line":1},"13":{"loc":{"start":{"line":1,"column":1402},"end":{"line":1,"column":1418}},"type":"binary-expr","locations":[{"start":{"line":1,"column":1402},"end":{"line":1,"column":1410}},{"start":{"line":1,"column":1412},"end":{"line":1,"column":1418}}],"line":1},"14":{"loc":{"start":{"line":1,"column":1468},"end":{"line":1,"column":1584}},"type":"cond-expr","locations":[{"start":{"line":1,"column":1490},"end":{"line":1,"column":1511}},{"start":{"line":1,"column":1512},"end":{"line":1,"column":1584}}],"line":1},"15":{"loc":{"start":{"line":1,"column":1546},"end":{"line":1,"column":1583}},"type":"binary-expr","locations":[{"start":{"line":1,"column":1546},"end":{"line":1,"column":1557}},{"start":{"line":1,"column":1559},"end":{"line":1,"column":1583}}],"line":1},"16":{"loc":{"start":{"line":1,"column":1653},"end":{"line":1,"column":1781}},"type":"if","locations":[{"start":{"line":1,"column":1653},"end":{"line":1,"column":1781}},{"start":{},"end":{}}],"line":1},"17":{"loc":{"start":{"line":1,"column":1656},"end":{"line":1,"column":1705}},"type":"binary-expr","locations":[{"start":{"line":1,"column":1656},"end":{"line":1,"column":1686}},{"start":{"line":1,"column":1688},"end":{"line":1,"column":1705}}],"line":1},"18":{"loc":{"start":{"line":1,"column":1814},"end":{"line":1,"column":1846}},"type":"binary-expr","locations":[{"start":{"line":1,"column":1814},"end":{"line":1,"column":1824}},{"start":{"line":1,"column":1826},"end":{"line":1,"column":1846}}],"line":1},"19":{"loc":{"start":{"line":1,"column":1911},"end":{"line":1,"column":1963}},"type":"if","locations":[{"start":{"line":1,"column":1911},"end":{"line":1,"column":1963}},{"start":{},"end":{}}],"line":1},"20":{"loc":{"start":{"line":1,"column":2013},"end":{"line":1,"column":2089}},"type":"if","locations":[{"start":{"line":1,"column":2013},"end":{"line":1,"column":2089}},{"start":{},"end":{}}],"line":1},"21":{"loc":{"start":{"line":1,"column":2016},"end":{"line":1,"column":2075}},"type":"binary-expr","locations":[{"start":{"line":1,"column":2016},"end":{"line":1,"column":2020}},{"start":{"line":1,"column":2023},"end":{"line":1,"column":2048}},{"start":{"line":1,"column":2050},"end":{"line":1,"column":2074}}],"line":1},"22":{"loc":{"start":{"line":1,"column":2177},"end":{"line":1,"column":2252}},"type":"binary-expr","locations":[{"start":{"line":1,"column":2177},"end":{"line":1,"column":2198}},{"start":{"line":1,"column":2200},"end":{"line":1,"column":2252}}],"line":1},"23":{"loc":{"start":{"line":1,"column":2421},"end":{"line":1,"column":2443}},"type":"if","locations":[{"start":{"line":1,"column":2421},"end":{"line":1,"column":2443}},{"start":{},"end":{}}],"line":1},"24":{"loc":{"start":{"line":1,"column":2512},"end":{"line":1,"column":2590}},"type":"cond-expr","locations":[{"start":{"line":1,"column":2571},"end":{"line":1,"column":2579}},{"start":{"line":1,"column":2580},"end":{"line":1,"column":2590}}],"line":1},"25":{"loc":{"start":{"line":1,"column":2512},"end":{"line":1,"column":2570}},"type":"binary-expr","locations":[{"start":{"line":1,"column":2512},"end":{"line":1,"column":2515}},{"start":{"line":1,"column":2517},"end":{"line":1,"column":2544}},{"start":{"line":1,"column":2546},"end":{"line":1,"column":2570}}],"line":1}},"s":{"0":0,"1":0,"2":0,"3":3,"4":3,"5":3,"6":0,"7":1,"8":1,"9":1,"10":1,"11":1,"12":1,"13":1,"14":1,"15":1,"16":1,"17":1,"18":0,"19":0,"20":1,"21":1,"22":0,"23":0,"24":0,"25":0,"26":0,"27":0,"28":0,"29":0,"30":1,"31":1,"32":0,"33":1,"34":1,"35":0,"36":1,"37":1,"38":1,"39":3,"40":3,"41":0,"42":1,"43":0,"44":0,"45":1,"46":0,"47":0,"48":0,"49":0,"50":0,"51":3,"52":3,"53":1,"54":1,"55":1,"56":3,"57":1,"58":1,"59":3,"60":3,"61":3,"62":1,"63":1},"f":{"0":0,"1":0,"2":3,"3":3,"4":1,"5":1,"6":0,"7":1,"8":0,"9":1,"10":3,"11":1,"12":0,"13":1,"14":3,"15":3,"16":0,"17":3,"18":1,"19":1,"20":3,"21":1},"b":{"0":[0,0],"1":[3,0],"2":[3,0],"3":[0,3],"4":[1,1],"5":[1,0],"6":[1,0],"7":[0,1],"8":[1,0],"9":[1,1],"10":[0,0],"11":[0,0],"12":[0,0],"13":[1,0],"14":[1,0],"15":[0,0],"16":[0,1],"17":[1,0],"18":[1,1],"19":[1,0],"20":[3,0],"21":[3,3,0],"22":[1,0],"23":[0,0],"24":[0,3],"25":[3,3,3]},"meta":{"lastBranch":26,"lastFunction":22,"lastStatement":64,"seen":{"f:1:9:1:33":0,"b:1:40:1:144:undefined:undefined:undefined:undefined":0,"s:1:40:1:144":0,"s:1:58:1:143":1,"s:1:144:1:155":2,"f:1:165:1:176":1,"s:1:197:1:232":3,"s:1:232:1:404":4,"b:1:305:1:377:1:378:1:403":1,"b:1:331:1:335:1:337:1:339":2,"f:1:414:1:431":2,"b:1:454:1:550:undefined:undefined:undefined:undefined":3,"s:1:454:1:550":5,"s:1:493:1:549":6,"f:1:560:1:577":3,"s:1:592:1:833":7,"s:1:602:1:603":8,"s:1:639:1:647":9,"s:1:648:1:699":10,"b:1:670:1:691:1:693:1:698":4,"s:1:699:1:728":11,"b:1:728:1:777:undefined:undefined:undefined:undefined":5,"s:1:728:1:777":12,"s:1:752:1:777":13,"s:1:777:1:832":14,"f:1:843:1:856":4,"b:1:893:1:959:undefined:undefined:undefined:undefined":6,"s:1:893:1:959":15,"s:1:907:1:959":16,"b:1:959:1:1017:undefined:undefined:undefined:undefined":7,"s:1:959:1:1017":17,"s:1:974:1:1017":18,"s:1:1017:1:1035":19,"f:1:1045:1:1049":5,"b:1:1076:1:1374:1:1143:1:1374":8,"s:1:1076:1:1374":20,"b:1:1079:1:1107:1:1109:1:1120":9,"s:1:1122:1:1138":21,"s:1:1144:1:1373":22,"f:1:1158:1:1161":6,"s:1:1197:1:1230":23,"b:1:1231:1:1247:undefined:undefined:undefined:undefined":10,"s:1:1231:1:1247":24,"s:1:1240:1:1247":25,"s:1:1256:1:1302":26,"b:1:1303:1:1355:undefined:undefined:undefined:undefined":11,"s:1:1303:1:1355":27,"s:1:1316:1:1354":28,"b:1:1337:1:1345:1:1347:1:1353":12,"s:1:1355:1:1372":29,"s:1:1374:1:1419":30,"b:1:1402:1:1410:1:1412:1:1418":13,"f:1:1429:1:1446":7,"s:1:1450:1:1585":31,"b:1:1490:1:1511:1:1512:1:1584":14,"f:1:1521:1:1535":8,"s:1:1539:1:1583":32,"b:1:1546:1:1557:1:1559:1:1583":15,"s:1:1585:1:1612":33,"f:1:1622:1:1631":9,"b:1:1653:1:1781:undefined:undefined:undefined:undefined":16,"s:1:1653:1:1781":34,"b:1:1656:1:1686:1:1688:1:1705":17,"s:1:1707:1:1780":35,"s:1:1781:1:1911":36,"b:1:1814:1:1824:1:1826:1:1846":18,"b:1:1911:1:1963:undefined:undefined:undefined:undefined":19,"s:1:1911:1:1963":37,"s:1:1925:1:1963":38,"f:1:1973:1:2001":10,"b:1:2013:1:2089:undefined:undefined:undefined:undefined":20,"s:1:2013:1:2089":39,"b:1:2016:1:2020:1:2023:1:2048:1:2050:1:2074":21,"s:1:2077:1:2088":40,"s:1:2089:1:2126":41,"f:1:2136:1:2153":11,"s:1:2159:1:2253":42,"b:1:2177:1:2198:1:2200:1:2252":22,"f:1:2209:1:2223":12,"s:1:2229:1:2243":43,"s:1:2243:1:2251":44,"s:1:2253:1:2282":45,"f:1:2292:1:2308":13,"s:1:2326:1:2444":46,"s:1:2388:1:2421":47,"b:1:2421:1:2443:undefined:undefined:undefined:undefined":23,"s:1:2421:1:2443":48,"s:1:2438:1:2443":49,"s:1:2444:1:2457":50,"f:1:2467:1:2475":14,"s:1:2481:1:2505":51,"s:1:2505:1:2590":52,"b:1:2571:1:2579:1:2580:1:2590":24,"b:1:2512:1:2515:1:2517:1:2544:1:2546:1:2570":25,"f:1:2600:1:2628":15,"s:1:2631:1:2732":53,"s:1:2646:1:2721":54,"f:1:2707:1:2715":16,"s:1:2732:1:2797":55,"f:1:2768:1:2776":17,"s:1:2779:1:2793":56,"f:1:2975:1:2978":18,"s:1:2985:1:3371":57,"f:1:3005:1:3013":19,"s:1:3033:1:3056":58,"f:1:3065:1:3071":20,"s:1:3074:1:3105":59,"s:1:3105:1:3146":60,"s:1:3147:1:3351":61,"f:1:3193:1:3198":21,"s:1:3248:1:3346":62,"s:1:3351:1:3364":63}}}
,"/data/data/com.termux.nix/files/home/projects/zui/src/lib/types.ts": {"path":"/data/data/com.termux.nix/files/home/projects/zui/src/lib/types.ts","statementMap":{"0":{"start":{"line":1,"column":49},"end":{"line":1,"column":145}},"1":{"start":{"line":1,"column":88},"end":{"line":1,"column":144}},"2":{"start":{"line":1,"column":187},"end":{"line":1,"column":428}},"3":{"start":{"line":1,"column":197},"end":{"line":1,"column":198}},"4":{"start":{"line":1,"column":234},"end":{"line":1,"column":242}},"5":{"start":{"line":1,"column":243},"end":{"line":1,"column":294}},"6":{"start":{"line":1,"column":294},"end":{"line":1,"column":323}},"7":{"start":{"line":1,"column":323},"end":{"line":1,"column":372}},"8":{"start":{"line":1,"column":347},"end":{"line":1,"column":372}},"9":{"start":{"line":1,"column":372},"end":{"line":1,"column":427}},"10":{"start":{"line":1,"column":488},"end":{"line":1,"column":554}},"11":{"start":{"line":1,"column":502},"end":{"line":1,"column":554}},"12":{"start":{"line":1,"column":554},"end":{"line":1,"column":612}},"13":{"start":{"line":1,"column":569},"end":{"line":1,"column":612}},"14":{"start":{"line":1,"column":612},"end":{"line":1,"column":630}},"15":{"start":{"line":1,"column":672},"end":{"line":1,"column":800}},"16":{"start":{"line":1,"column":687},"end":{"line":1,"column":779}},"17":{"start":{"line":1,"column":785},"end":{"line":1,"column":799}},"18":{"start":{"line":1,"column":800},"end":{"line":1,"column":810}},"19":{"start":{"line":1,"column":843},"end":{"line":1,"column":1229}},"20":{"start":{"line":1,"column":853},"end":{"line":1,"column":854}},"21":{"start":{"line":1,"column":890},"end":{"line":1,"column":924}},"22":{"start":{"line":1,"column":937},"end":{"line":1,"column":956}},"23":{"start":{"line":1,"column":957},"end":{"line":1,"column":1156}},"24":{"start":{"line":1,"column":1010},"end":{"line":1,"column":1155}},"25":{"start":{"line":1,"column":1091},"end":{"line":1,"column":1152}},"26":{"start":{"line":1,"column":1156},"end":{"line":1,"column":1228}},"27":{"start":{"line":1,"column":1186},"end":{"line":1,"column":1226}},"28":{"start":{"line":1,"column":1229},"end":{"line":1,"column":1242}},"29":{"start":{"line":1,"column":1280},"end":{"line":1,"column":1740}},"30":{"start":{"line":1,"column":1344},"end":{"line":1,"column":1381}},"31":{"start":{"line":1,"column":1381},"end":{"line":1,"column":1420}},"32":{"start":{"line":1,"column":1420},"end":{"line":1,"column":1462}},"33":{"start":{"line":1,"column":1462},"end":{"line":1,"column":1481}},"34":{"start":{"line":1,"column":1481},"end":{"line":1,"column":1505}},"35":{"start":{"line":1,"column":1506},"end":{"line":1,"column":1718}},"36":{"start":{"line":1,"column":1581},"end":{"line":1,"column":1713}},"37":{"start":{"line":1,"column":1718},"end":{"line":1,"column":1737}}},"fnMap":{"0":{"name":"_class_call_check","decl":{"start":{"line":1,"column":9},"end":{"line":1,"column":26}},"loc":{"start":{"line":1,"column":48},"end":{"line":1,"column":146}},"line":1},"1":{"name":"_defineProperties","decl":{"start":{"line":1,"column":155},"end":{"line":1,"column":172}},"loc":{"start":{"line":1,"column":186},"end":{"line":1,"column":429}},"line":1},"2":{"name":"_create_class","decl":{"start":{"line":1,"column":438},"end":{"line":1,"column":451}},"loc":{"start":{"line":1,"column":487},"end":{"line":1,"column":631}},"line":1},"3":{"name":"_define_property","decl":{"start":{"line":1,"column":640},"end":{"line":1,"column":656}},"loc":{"start":{"line":1,"column":671},"end":{"line":1,"column":811}},"line":1},"4":{"name":"_object_spread","decl":{"start":{"line":1,"column":820},"end":{"line":1,"column":834}},"loc":{"start":{"line":1,"column":842},"end":{"line":1,"column":1250}},"line":1},"5":{"name":"(anonymous_5)","decl":{"start":{"line":1,"column":1077},"end":{"line":1,"column":1085}},"loc":{"start":{"line":1,"column":1090},"end":{"line":1,"column":1153}},"line":1},"6":{"name":"(anonymous_6)","decl":{"start":{"line":1,"column":1172},"end":{"line":1,"column":1180}},"loc":{"start":{"line":1,"column":1185},"end":{"line":1,"column":1227}},"line":1},"7":{"name":"(anonymous_7)","decl":{"start":{"line":1,"column":1280},"end":{"line":1,"column":1288}},"loc":{"start":{"line":1,"column":1290},"end":{"line":1,"column":1738}},"line":1},"8":{"name":"EventEmitter","decl":{"start":{"line":1,"column":1313},"end":{"line":1,"column":1325}},"loc":{"start":{"line":1,"column":1343},"end":{"line":1,"column":1506}},"line":1},"9":{"name":"(anonymous_9)","decl":{"start":{"line":1,"column":1546},"end":{"line":1,"column":1551}},"loc":{"start":{"line":1,"column":1580},"end":{"line":1,"column":1714}},"line":1}},"branchMap":{"0":{"loc":{"start":{"line":1,"column":49},"end":{"line":1,"column":145}},"type":"if","locations":[{"start":{"line":1,"column":49},"end":{"line":1,"column":145}},{"start":{},"end":{}}],"line":1},"1":{"loc":{"start":{"line":1,"column":265},"end":{"line":1,"column":293}},"type":"binary-expr","locations":[{"start":{"line":1,"column":265},"end":{"line":1,"column":286}},{"start":{"line":1,"column":288},"end":{"line":1,"column":293}}],"line":1},"2":{"loc":{"start":{"line":1,"column":323},"end":{"line":1,"column":372}},"type":"if","locations":[{"start":{"line":1,"column":323},"end":{"line":1,"column":372}},{"start":{},"end":{}}],"line":1},"3":{"loc":{"start":{"line":1,"column":488},"end":{"line":1,"column":554}},"type":"if","locations":[{"start":{"line":1,"column":488},"end":{"line":1,"column":554}},{"start":{},"end":{}}],"line":1},"4":{"loc":{"start":{"line":1,"column":554},"end":{"line":1,"column":612}},"type":"if","locations":[{"start":{"line":1,"column":554},"end":{"line":1,"column":612}},{"start":{},"end":{}}],"line":1},"5":{"loc":{"start":{"line":1,"column":672},"end":{"line":1,"column":800}},"type":"if","locations":[{"start":{"line":1,"column":672},"end":{"line":1,"column":800}},{"start":{"line":1,"column":784},"end":{"line":1,"column":800}}],"line":1},"6":{"loc":{"start":{"line":1,"column":890},"end":{"line":1,"column":924}},"type":"cond-expr","locations":[{"start":{"line":1,"column":909},"end":{"line":1,"column":921}},{"start":{"line":1,"column":922},"end":{"line":1,"column":924}}],"line":1},"7":{"loc":{"start":{"line":1,"column":957},"end":{"line":1,"column":1156}},"type":"if","locations":[{"start":{"line":1,"column":957},"end":{"line":1,"column":1156}},{"start":{},"end":{}}],"line":1}},"s":{"0":3,"1":0,"2":1,"3":1,"4":1,"5":1,"6":1,"7":1,"8":1,"9":1,"10":1,"11":1,"12":1,"13":0,"14":0,"15":6,"16":0,"17":6,"18":6,"19":1,"20":1,"21":1,"22":1,"23":1,"24":1,"25":0,"26":1,"27":0,"28":1,"29":1,"30":3,"31":3,"32":3,"33":3,"34":3,"35":3,"36":1,"37":1},"f":{"0":3,"1":3,"2":1,"3":6,"4":6,"5":0,"6":0,"7":1,"8":3,"9":1},"b":{"0":[0,3],"1":[1,1],"2":[1,0],"3":[1,0],"4":[0,1],"5":[0,6],"6":[0,1],"7":[1,0]},"meta":{"lastBranch":8,"lastFunction":10,"lastStatement":38,"seen":{"f:1:9:1:26":0,"b:1:49:1:145:undefined:undefined:undefined:undefined":0,"s:1:49:1:145":0,"s:1:88:1:144":1,"f:1:155:1:172":1,"s:1:187:1:428":2,"s:1:197:1:198":3,"s:1:234:1:242":4,"s:1:243:1:294":5,"b:1:265:1:286:1:288:1:293":1,"s:1:294:1:323":6,"b:1:323:1:372:undefined:undefined:undefined:undefined":2,"s:1:323:1:372":7,"s:1:347:1:372":8,"s:1:372:1:427":9,"f:1:438:1:451":2,"b:1:488:1:554:undefined:undefined:undefined:undefined":3,"s:1:488:1:554":10,"s:1:502:1:554":11,"b:1:554:1:612:undefined:undefined:undefined:undefined":4,"s:1:554:1:612":12,"s:1:569:1:612":13,"s:1:612:1:630":14,"f:1:640:1:656":3,"b:1:672:1:800:1:784:1:800":5,"s:1:672:1:800":15,"s:1:687:1:779":16,"s:1:785:1:799":17,"s:1:800:1:810":18,"f:1:820:1:834":4,"s:1:843:1:1229":19,"s:1:853:1:854":20,"s:1:890:1:924":21,"b:1:909:1:921:1:922:1:924":6,"s:1:937:1:956":22,"b:1:957:1:1156:undefined:undefined:undefined:undefined":7,"s:1:957:1:1156":23,"s:1:1010:1:1155":24,"f:1:1077:1:1085":5,"s:1:1091:1:1152":25,"s:1:1156:1:1228":26,"f:1:1172:1:1180":6,"s:1:1186:1:1226":27,"s:1:1229:1:1242":28,"s:1:1280:1:1740":29,"f:1:1280:1:1288":7,"f:1:1313:1:1325":8,"s:1:1344:1:1381":30,"s:1:1381:1:1420":31,"s:1:1420:1:1462":32,"s:1:1462:1:1481":33,"s:1:1481:1:1505":34,"s:1:1506:1:1718":35,"f:1:1546:1:1551":9,"s:1:1581:1:1713":36,"s:1:1718:1:1737":37}}}
,"/data/data/com.termux.nix/files/home/projects/zui/src/lib/utilities.ts": {"path":"/data/data/com.termux.nix/files/home/projects/zui/src/lib/utilities.ts","statementMap":{"0":{"start":{"line":1,"column":17},"end":{"line":1,"column":99}},"1":{"start":{"line":1,"column":30},"end":{"line":1,"column":98}},"2":{"start":{"line":1,"column":67},"end":{"line":1,"column":96}},"3":{"start":{"line":1,"column":123},"end":{"line":1,"column":220}},"4":{"start":{"line":1,"column":137},"end":{"line":1,"column":219}},"5":{"start":{"line":1,"column":242},"end":{"line":1,"column":269}},"6":{"start":{"line":1,"column":294},"end":{"line":1,"column":614}},"7":{"start":{"line":1,"column":332},"end":{"line":1,"column":580}},"8":{"start":{"line":1,"column":389},"end":{"line":1,"column":428}},"9":{"start":{"line":1,"column":429},"end":{"line":1,"column":440}},"10":{"start":{"line":1,"column":440},"end":{"line":1,"column":453}},"11":{"start":{"line":1,"column":518},"end":{"line":1,"column":553}},"12":{"start":{"line":1,"column":554},"end":{"line":1,"column":565}},"13":{"start":{"line":1,"column":565},"end":{"line":1,"column":578}},"14":{"start":{"line":1,"column":581},"end":{"line":1,"column":613}}},"fnMap":{"0":{"name":"(anonymous_0)","decl":{"start":{"line":1,"column":17},"end":{"line":1,"column":25}},"loc":{"start":{"line":1,"column":29},"end":{"line":1,"column":99}},"line":1},"1":{"name":"(anonymous_1)","decl":{"start":{"line":1,"column":49},"end":{"line":1,"column":57}},"loc":{"start":{"line":1,"column":66},"end":{"line":1,"column":97}},"line":1},"2":{"name":"(anonymous_2)","decl":{"start":{"line":1,"column":123},"end":{"line":1,"column":131}},"loc":{"start":{"line":1,"column":136},"end":{"line":1,"column":220}},"line":1},"3":{"name":"(anonymous_3)","decl":{"start":{"line":1,"column":294},"end":{"line":1,"column":302}},"loc":{"start":{"line":1,"column":319},"end":{"line":1,"column":614}},"line":1},"4":{"name":"(anonymous_4)","decl":{"start":{"line":1,"column":333},"end":{"line":1,"column":336}},"loc":{"start":{"line":1,"column":377},"end":{"line":1,"column":454}},"line":1},"5":{"name":"(anonymous_5)","decl":{"start":{"line":1,"column":455},"end":{"line":1,"column":469}},"loc":{"start":{"line":1,"column":506},"end":{"line":1,"column":579}},"line":1}},"branchMap":{},"s":{"0":2,"1":0,"2":0,"3":2,"4":6,"5":2,"6":2,"7":4,"8":1,"9":1,"10":1,"11":0,"12":0,"13":0,"14":4},"f":{"0":0,"1":0,"2":6,"3":4,"4":4,"5":4},"b":{},"meta":{"lastBranch":0,"lastFunction":6,"lastStatement":15,"seen":{"s:1:17:1:99":0,"f:1:17:1:25":0,"s:1:30:1:98":1,"f:1:49:1:57":1,"s:1:67:1:96":2,"s:1:123:1:220":3,"f:1:123:1:131":2,"s:1:137:1:219":4,"s:1:242:1:269":5,"s:1:294:1:614":6,"f:1:294:1:302":3,"s:1:332:1:580":7,"f:1:333:1:336":4,"s:1:389:1:428":8,"s:1:429:1:440":9,"s:1:440:1:453":10,"f:1:455:1:469":5,"s:1:518:1:553":11,"s:1:554:1:565":12,"s:1:565:1:578":13,"s:1:581:1:613":14}}}
}
